#
# There is insufficient memory for the Java Runtime Environment to continue.
# Native memory allocation (mmap) failed to map 257425408 bytes for committing reserved memory.
# Possible reasons:
#   The system is out of physical RAM or swap space
#   The process is running with CompressedOops enabled, and the Java Heap may be blocking the growth of the native heap
# Possible solutions:
#   Reduce memory load on the system
#   Increase physical memory or swap space
#   Check if swap backing store is full
#   Decrease Java heap size (-Xmx/-Xms)
#   Decrease number of Java threads
#   Decrease Java thread stack sizes (-Xss)
#   Set larger code cache with -XX:ReservedCodeCacheSize=
#   JVM is running with Unscaled Compressed Oops mode in which the Java heap is
#     placed in the first 4GB address space. The Java Heap base address is the
#     maximum limit for the native heap growth. Please use -XX:HeapBaseMinAddress
#     to set the Java Heap base and to place the Java Heap above 4GB virtual address.
# This output file may be truncated or incomplete.
#
#  Out of Memory Error (os_linux.cpp:2757), pid=9387, tid=0x00007fa5d7471700
#
# JRE version: OpenJDK Runtime Environment (8.0_222-b10) (build 1.8.0_222-8u222-b10-1ubuntu1~18.04.1-b10)
# Java VM: OpenJDK 64-Bit Server VM (25.222-b10 mixed mode linux-amd64 compressed oops)
# Failed to write core dump. Core dumps have been disabled. To enable core dumping, try "ulimit -c unlimited" before starting Java again
#

---------------  T H R E A D  ---------------

Current thread (0x00007fa5fc141800):  VMThread [stack: 0x00007fa5d7372000,0x00007fa5d7472000] [id=9399]

Stack: [0x00007fa5d7372000,0x00007fa5d7472000],  sp=0x00007fa5d7470460,  free space=1017k
Native frames: (J=compiled Java code, j=interpreted, Vv=VM code, C=native code)
V  [libjvm.so+0xab8992]
V  [libjvm.so+0x4dbfd7]
V  [libjvm.so+0x8f33a0]
V  [libjvm.so+0x8ea46e]
V  [libjvm.so+0x96e106]
V  [libjvm.so+0x95cdaa]
V  [libjvm.so+0x95cf78]
V  [libjvm.so+0x95db80]
V  [libjvm.so+0x963f1c]
V  [libjvm.so+0x96bfd5]
V  [libjvm.so+0x91a5a8]
V  [libjvm.so+0xaba662]
V  [libjvm.so+0xabf1d6]
V  [libjvm.so+0xabd4d5]
V  [libjvm.so+0xabddad]
V  [libjvm.so+0xabe1b8]
V  [libjvm.so+0x8f0732]

VM_Operation (0x00007fa60481d640): ParallelGCFailedAllocation, mode: safepoint, requested by thread 0x00007fa5fc00d000


---------------  P R O C E S S  ---------------

Java Threads: ( => current thread )
  0x00007fa5c0001000 JavaThread "Attach Listener" daemon [_thread_blocked, id=9421, stack(0x00007fa5d5b6f000,0x00007fa5d5c70000)]
  0x00007fa5fc256000 JavaThread "Service Thread" daemon [_thread_blocked, id=9415, stack(0x00007fa5d5f83000,0x00007fa5d6084000)]
  0x00007fa5fc253000 JavaThread "C1 CompilerThread2" daemon [_thread_blocked, id=9414, stack(0x00007fa5d6085000,0x00007fa5d6185000)]
  0x00007fa5fc251000 JavaThread "C2 CompilerThread1" daemon [_thread_blocked, id=9413, stack(0x00007fa5d639d000,0x00007fa5d649d000)]
  0x00007fa5fc24f000 JavaThread "C2 CompilerThread0" daemon [_thread_blocked, id=9412, stack(0x00007fa5d649e000,0x00007fa5d659e000)]
  0x00007fa5fc24d000 JavaThread "Monitor Ctrl-Break" daemon [_thread_in_native, id=9411, stack(0x00007fa5d659e000,0x00007fa5d669f000)]
  0x00007fa5fc181000 JavaThread "Signal Dispatcher" daemon [_thread_blocked, id=9410, stack(0x00007fa5d669f000,0x00007fa5d67a0000)]
  0x00007fa5fc14e000 JavaThread "Finalizer" daemon [_thread_blocked, id=9403, stack(0x00007fa5d716f000,0x00007fa5d7270000)]
  0x00007fa5fc14b800 JavaThread "Reference Handler" daemon [_thread_blocked, id=9402, stack(0x00007fa5d7270000,0x00007fa5d7371000)]
  0x00007fa5fc00d000 JavaThread "main" [_thread_blocked, id=9389, stack(0x00007fa60471f000,0x00007fa60481f000)]

Other Threads:
=>0x00007fa5fc141800 VMThread [stack: 0x00007fa5d7372000,0x00007fa5d7472000] [id=9399]
  0x00007fa5fc258800 WatcherThread [stack: 0x00007fa5d5e83000,0x00007fa5d5f83000] [id=9416]

VM state:at safepoint (normal execution)

VM Mutex/Monitor currently owned by a thread:  ([mutex/lock_event])
[0x00007fa5fc008e30] ExpandHeap_lock - owner thread: 0x00007fa5fc141800
[0x00007fa5fc0094b0] Threads_lock - owner thread: 0x00007fa5fc141800
[0x00007fa5fc0099b0] Heap_lock - owner thread: 0x00007fa5fc00d000

heap address: 0x0000000085000000, size: 1968 MB, Compressed Oops mode: 32-bit
Narrow klass base: 0x0000000000000000, Narrow klass shift: 3
Compressed class space size: 1073741824 Address: 0x0000000100000000

Heap:
 PSYoungGen      total 526336K, used 0K [0x00000000d7000000, 0x0000000100000000, 0x0000000100000000)
  eden space 380928K, 0% used [0x00000000d7000000,0x00000000d7000000,0x00000000ee400000)
  from space 145408K, 0% used [0x00000000ee400000,0x00000000ee400000,0x00000000f7200000)
  to   space 143360K, 0% used [0x00000000f7400000,0x00000000f7400000,0x0000000100000000)
 ParOldGen       total 1018880K, used 938198K [0x0000000085000000, 0x00000000c3300000, 0x00000000d7000000)
  object space 1018880K, 92% used [0x0000000085000000,0x00000000be435868,0x00000000c3300000)
 Metaspace       used 5527K, capacity 5710K, committed 5888K, reserved 1056768K
  class space    used 603K, capacity 681K, committed 768K, reserved 1048576K

Card table byte_map: [0x00007fa6006d5000,0x00007fa600aae000] byte_map_base: 0x00007fa6002ad000

Marking Bits: (ParMarkBitMap*) 0x00007fa6039b8360
 Begin Bits: [0x00007fa5d8280000, 0x00007fa5da140000)
 End Bits:   [0x00007fa5da140000, 0x00007fa5dc000000)

Polling page: 0x00007fa604839000

CodeCache: size=245760Kb used=3731Kb max_used=3764Kb free=242028Kb
 bounds [0x00007fa5ed000000, 0x00007fa5ed3c0000, 0x00007fa5fc000000]
 total_blobs=1188 nmethods=892 adapters=211
 compilation: enabled

Compilation events (10 events):
Event: 39,939 Thread 0x00007fa5fc24f000 nmethod 935 0x00007fa5ed37ddd0 code [0x00007fa5ed37df20, 0x00007fa5ed37e098]
Event: 39,939 Thread 0x00007fa5fc24f000  930       4       java.lang.AbstractStringBuilder::append (62 bytes)
Event: 39,946 Thread 0x00007fa5fc24f000 nmethod 930 0x00007fa5ed381e50 code [0x00007fa5ed381fc0, 0x00007fa5ed3824d8]
Event: 39,946 Thread 0x00007fa5fc24f000  931       4       cache.mesi.MesiCache::toString (23 bytes)
Event: 39,949 Thread 0x00007fa5fc24f000 nmethod 931 0x00007fa5ed37d8d0 code [0x00007fa5ed37da40, 0x00007fa5ed37dcf8]
Event: 39,949 Thread 0x00007fa5fc24f000  922       4       cache.instruction.CacheInstruction::<init> (15 bytes)
Event: 39,950 Thread 0x00007fa5fc24f000 nmethod 922 0x00007fa5ed324550 code [0x00007fa5ed3246a0, 0x00007fa5ed324718]
Event: 39,954 Thread 0x00007fa5fc24f000  936       4       bus.BusController::queueUp (81 bytes)
Event: 40,167 Thread 0x00007fa5fc251000 nmethod 921 0x00007fa5ed3a2890 code [0x00007fa5ed3a2ec0, 0x00007fa5ed3a8868]
Event: 40,167 Thread 0x00007fa5fc251000  937       4       java.util.AbstractCollection::toString (89 bytes)

GC Heap History (10 events):
Event: 37,743 GC heap after
Heap after GC invocations=69 (full 6):
 PSYoungGen      total 517120K, used 61632K [0x00000000d7000000, 0x00000000ff280000, 0x0000000100000000)
  eden space 374272K, 0% used [0x00000000d7000000,0x00000000d7000000,0x00000000edd80000)
  from space 142848K, 43% used [0x00000000edd80000,0x00000000f19b0000,0x00000000f6900000)
  to   space 139264K, 0% used [0x00000000f6a80000,0x00000000f6a80000,0x00000000ff280000)
 ParOldGen       total 1018880K, used 833726K [0x0000000085000000, 0x00000000c3300000, 0x00000000d7000000)
  object space 1018880K, 81% used [0x0000000085000000,0x00000000b7e2f950,0x00000000c3300000)
 Metaspace       used 4288K, capacity 4736K, committed 4864K, reserved 1056768K
  class space    used 459K, capacity 496K, committed 512K, reserved 1048576K
}
Event: 37,978 GC heap before
{Heap before GC invocations=70 (full 6):
 PSYoungGen      total 517120K, used 435904K [0x00000000d7000000, 0x00000000ff280000, 0x0000000100000000)
  eden space 374272K, 100% used [0x00000000d7000000,0x00000000edd80000,0x00000000edd80000)
  from space 142848K, 43% used [0x00000000edd80000,0x00000000f19b0000,0x00000000f6900000)
  to   space 139264K, 0% used [0x00000000f6a80000,0x00000000f6a80000,0x00000000ff280000)
 ParOldGen       total 1018880K, used 833726K [0x0000000085000000, 0x00000000c3300000, 0x00000000d7000000)
  object space 1018880K, 81% used [0x0000000085000000,0x00000000b7e2f950,0x00000000c3300000)
 Metaspace       used 4288K, capacity 4736K, committed 4864K, reserved 1056768K
  class space    used 459K, capacity 496K, committed 512K, reserved 1048576K
Event: 38,177 GC heap after
Heap after GC invocations=70 (full 6):
 PSYoungGen      total 519680K, used 47200K [0x00000000d7000000, 0x00000000ffa80000, 0x0000000100000000)
  eden space 380416K, 0% used [0x00000000d7000000,0x00000000d7000000,0x00000000ee380000)
  from space 139264K, 33% used [0x00000000f6a80000,0x00000000f9898000,0x00000000ff280000)
  to   space 138240K, 0% used [0x00000000ee380000,0x00000000ee380000,0x00000000f6a80000)
 ParOldGen       total 1018880K, used 864118K [0x0000000085000000, 0x00000000c3300000, 0x00000000d7000000)
  object space 1018880K, 84% used [0x0000000085000000,0x00000000b9bdd950,0x00000000c3300000)
 Metaspace       used 4288K, capacity 4736K, committed 4864K, reserved 1056768K
  class space    used 459K, capacity 496K, committed 512K, reserved 1048576K
}
Event: 38,412 GC heap before
{Heap before GC invocations=71 (full 6):
 PSYoungGen      total 519680K, used 427616K [0x00000000d7000000, 0x00000000ffa80000, 0x0000000100000000)
  eden space 380416K, 100% used [0x00000000d7000000,0x00000000ee380000,0x00000000ee380000)
  from space 139264K, 33% used [0x00000000f6a80000,0x00000000f9898000,0x00000000ff280000)
  to   space 138240K, 0% used [0x00000000ee380000,0x00000000ee380000,0x00000000f6a80000)
 ParOldGen       total 1018880K, used 864118K [0x0000000085000000, 0x00000000c3300000, 0x00000000d7000000)
  object space 1018880K, 84% used [0x0000000085000000,0x00000000b9bdd950,0x00000000c3300000)
 Metaspace       used 4288K, capacity 4736K, committed 4864K, reserved 1056768K
  class space    used 459K, capacity 496K, committed 512K, reserved 1048576K
Event: 38,571 GC heap after
Heap after GC invocations=71 (full 6):
 PSYoungGen      total 518656K, used 31968K [0x00000000d7000000, 0x0000000100000000, 0x0000000100000000)
  eden space 380416K, 0% used [0x00000000d7000000,0x00000000d7000000,0x00000000ee380000)
  from space 138240K, 23% used [0x00000000ee380000,0x00000000f02b8000,0x00000000f6a80000)
  to   space 138752K, 0% used [0x00000000f7880000,0x00000000f7880000,0x0000000100000000)
 ParOldGen       total 1018880K, used 895502K [0x0000000085000000, 0x00000000c3300000, 0x00000000d7000000)
  object space 1018880K, 87% used [0x0000000085000000,0x00000000bba83950,0x00000000c3300000)
 Metaspace       used 4288K, capacity 4736K, committed 4864K, reserved 1056768K
  class space    used 459K, capacity 496K, committed 512K, reserved 1048576K
}
Event: 38,841 GC heap before
{Heap before GC invocations=72 (full 6):
 PSYoungGen      total 518656K, used 412384K [0x00000000d7000000, 0x0000000100000000, 0x0000000100000000)
  eden space 380416K, 100% used [0x00000000d7000000,0x00000000ee380000,0x00000000ee380000)
  from space 138240K, 23% used [0x00000000ee380000,0x00000000f02b8000,0x00000000f6a80000)
  to   space 138752K, 0% used [0x00000000f7880000,0x00000000f7880000,0x0000000100000000)
 ParOldGen       total 1018880K, used 895502K [0x0000000085000000, 0x00000000c3300000, 0x00000000d7000000)
  object space 1018880K, 87% used [0x0000000085000000,0x00000000bba83950,0x00000000c3300000)
 Metaspace       used 4288K, capacity 4736K, committed 4864K, reserved 1056768K
  class space    used 459K, capacity 496K, committed 512K, reserved 1048576K
Event: 39,043 GC heap after
Heap after GC invocations=72 (full 6):
 PSYoungGen      total 519680K, used 106166K [0x00000000d7000000, 0x0000000100000000, 0x0000000100000000)
  eden space 380928K, 0% used [0x00000000d7000000,0x00000000d7000000,0x00000000ee400000)
  from space 138752K, 76% used [0x00000000f7880000,0x00000000fe02da38,0x0000000100000000)
  to   space 145408K, 0% used [0x00000000ee400000,0x00000000ee400000,0x00000000f7200000)
 ParOldGen       total 1018880K, used 927510K [0x0000000085000000, 0x00000000c3300000, 0x00000000d7000000)
  object space 1018880K, 91% used [0x0000000085000000,0x00000000bd9c5950,0x00000000c3300000)
 Metaspace       used 4288K, capacity 4736K, committed 4864K, reserved 1056768K
  class space    used 459K, capacity 496K, committed 512K, reserved 1048576K
}
Event: 40,196 GC heap before
{Heap before GC invocations=73 (full 6):
 PSYoungGen      total 519680K, used 487094K [0x00000000d7000000, 0x0000000100000000, 0x0000000100000000)
  eden space 380928K, 100% used [0x00000000d7000000,0x00000000ee400000,0x00000000ee400000)
  from space 138752K, 76% used [0x00000000f7880000,0x00000000fe02da38,0x0000000100000000)
  to   space 145408K, 0% used [0x00000000ee400000,0x00000000ee400000,0x00000000f7200000)
 ParOldGen       total 1018880K, used 927510K [0x0000000085000000, 0x00000000c3300000, 0x00000000d7000000)
  object space 1018880K, 91% used [0x0000000085000000,0x00000000bd9c5950,0x00000000c3300000)
 Metaspace       used 5527K, capacity 5710K, committed 5888K, reserved 1056768K
  class space    used 603K, capacity 681K, committed 768K, reserved 1048576K
Event: 40,536 GC heap after
Heap after GC invocations=73 (full 6):
 PSYoungGen      total 526336K, used 43040K [0x00000000d7000000, 0x0000000100000000, 0x0000000100000000)
  eden space 380928K, 0% used [0x00000000d7000000,0x00000000d7000000,0x00000000ee400000)
  from space 145408K, 29% used [0x00000000ee400000,0x00000000f0e08000,0x00000000f7200000)
  to   space 143360K, 0% used [0x00000000f7400000,0x00000000f7400000,0x0000000100000000)
 ParOldGen       total 1018880K, used 1014006K [0x0000000085000000, 0x00000000c3300000, 0x00000000d7000000)
  object space 1018880K, 99% used [0x0000000085000000,0x00000000c2e3d950,0x00000000c3300000)
 Metaspace       used 5527K, capacity 5710K, committed 5888K, reserved 1056768K
  class space    used 603K, capacity 681K, committed 768K, reserved 1048576K
}
Event: 40,536 GC heap before
{Heap before GC invocations=74 (full 7):
 PSYoungGen      total 526336K, used 43040K [0x00000000d7000000, 0x0000000100000000, 0x0000000100000000)
  eden space 380928K, 0% used [0x00000000d7000000,0x00000000d7000000,0x00000000ee400000)
  from space 145408K, 29% used [0x00000000ee400000,0x00000000f0e08000,0x00000000f7200000)
  to   space 143360K, 0% used [0x00000000f7400000,0x00000000f7400000,0x0000000100000000)
 ParOldGen       total 1018880K, used 1014006K [0x0000000085000000, 0x00000000c3300000, 0x00000000d7000000)
  object space 1018880K, 99% used [0x0000000085000000,0x00000000c2e3d950,0x00000000c3300000)
 Metaspace       used 5527K, capacity 5710K, committed 5888K, reserved 1056768K
  class space    used 603K, capacity 681K, committed 768K, reserved 1048576K

Deoptimization events (10 events):
Event: 8,753 Thread 0x00007fa5fc00d000 Uncommon trap: reason=unstable_if action=reinterpret pc=0x00007fa5ed1cd71c method=instruction.InstructionParser.parseInstructions(Ljava/lang/String;)Ljava/util/Queue; @ 34
Event: 8,796 Thread 0x00007fa5fc00d000 Uncommon trap: reason=unstable_if action=reinterpret pc=0x00007fa5ed1fb790 method=java.util.LinkedList.toArray()[Ljava/lang/Object; @ 16
Event: 8,832 Thread 0x00007fa5fc00d000 Uncommon trap: reason=unstable_if action=reinterpret pc=0x00007fa5ed1f9a2c method=java.util.LinkedList.addAll(ILjava/util/Collection;)Z @ 72
Event: 8,833 Thread 0x00007fa5fc00d000 Uncommon trap: reason=unstable_if action=reinterpret pc=0x00007fa5ed19edb8 method=java.util.LinkedList.linkLast(Ljava/lang/Object;)V @ 22
Event: 8,833 Thread 0x00007fa5fc00d000 Uncommon trap: reason=unstable_if action=reinterpret pc=0x00007fa5ed1a2e24 method=java.util.LinkedList.linkLast(Ljava/lang/Object;)V @ 22
Event: 8,833 Thread 0x00007fa5fc00d000 Uncommon trap: reason=unstable_if action=reinterpret pc=0x00007fa5ed1b980c method=java.util.Scanner.integerPattern()Ljava/util/regex/Pattern; @ 4
Event: 8,834 Thread 0x00007fa5fc00d000 Uncommon trap: reason=unstable_if action=reinterpret pc=0x00007fa5ed16f7ac method=java.util.regex.Matcher.match(II)Z @ 91
Event: 21,208 Thread 0x00007fa5fc00d000 Uncommon trap: reason=unstable_if action=reinterpret pc=0x00007fa5ed23450c method=java.util.Scanner.getCompleteTokenInBuffer(Ljava/util/regex/Pattern;)Ljava/lang/String; @ 67
Event: 39,072 Thread 0x00007fa5fc00d000 Uncommon trap: reason=unstable_if action=reinterpret pc=0x00007fa5ed19e594 method=java.lang.String.substring(I)Ljava/lang/String; @ 35
Event: 39,132 Thread 0x00007fa5fc00d000 Uncommon trap: reason=unstable_if action=reinterpret pc=0x00007fa5ed1b1edc method=java.lang.CharacterDataLatin1.digit(II)I @ 82

Classes redefined (0 events):
No events

Internal exceptions (10 events):
Event: 0,170 Thread 0x00007fa5fc00d000 Exception <a 'java/security/PrivilegedActionException'> (0x00000000d72f13e0) thrown at [/build/openjdk-8-OqY7zN/openjdk-8-8u222-b10/src/hotspot/src/share/vm/prims/jvm.cpp, line 1502]
Event: 0,170 Thread 0x00007fa5fc00d000 Exception <a 'java/security/PrivilegedActionException'> (0x00000000d72f3650) thrown at [/build/openjdk-8-OqY7zN/openjdk-8-8u222-b10/src/hotspot/src/share/vm/prims/jvm.cpp, line 1502]
Event: 0,171 Thread 0x00007fa5fc00d000 Exception <a 'java/security/PrivilegedActionException'> (0x00000000d72f3a48) thrown at [/build/openjdk-8-OqY7zN/openjdk-8-8u222-b10/src/hotspot/src/share/vm/prims/jvm.cpp, line 1502]
Event: 0,171 Thread 0x00007fa5fc00d000 Exception <a 'java/security/PrivilegedActionException'> (0x00000000d72f4708) thrown at [/build/openjdk-8-OqY7zN/openjdk-8-8u222-b10/src/hotspot/src/share/vm/prims/jvm.cpp, line 1502]
Event: 0,171 Thread 0x00007fa5fc00d000 Exception <a 'java/security/PrivilegedActionException'> (0x00000000d72f4b00) thrown at [/build/openjdk-8-OqY7zN/openjdk-8-8u222-b10/src/hotspot/src/share/vm/prims/jvm.cpp, line 1502]
Event: 8,796 Thread 0x00007fa5fc00d000 Implicit null exception at 0x00007fa5ed1fb700 to 0x00007fa5ed1fb777
Event: 8,833 Thread 0x00007fa5fc00d000 Implicit null exception at 0x00007fa5ed19ed5e to 0x00007fa5ed19ed9e
Event: 8,833 Thread 0x00007fa5fc00d000 Implicit null exception at 0x00007fa5ed1a2dd1 to 0x00007fa5ed1a2e0a
Event: 39,112 Thread 0x00007fa5fc00d000 Exception <a 'java/lang/NoSuchFieldError': method resolution failed> (0x00000000d9ae5d00) thrown at [/build/openjdk-8-OqY7zN/openjdk-8-8u222-b10/src/hotspot/src/share/vm/prims/methodHandles.cpp, line 1167]
Event: 39,114 Thread 0x00007fa5fc00d000 Exception <a 'java/lang/NoSuchFieldError': method resolution failed> (0x00000000d9af3b48) thrown at [/build/openjdk-8-OqY7zN/openjdk-8-8u222-b10/src/hotspot/src/share/vm/prims/methodHandles.cpp, line 1167]

Events (10 events):
Event: 39,153 loading class java/util/stream/Sink$ChainedReference
Event: 39,153 loading class java/util/stream/Sink$ChainedReference done
Event: 39,153 loading class java/util/stream/ReferencePipeline$2$1 done
Event: 39,305 Thread 0x00007fa5fc00d000 DEOPT PACKING pc=0x00007fa5ed3186c2 sp=0x00007fa60481d0c0
Event: 39,305 Thread 0x00007fa5fc00d000 DEOPT UNPACKING pc=0x00007fa5ed0474c4 sp=0x00007fa60481ced0 mode 0
Event: 39,378 Thread 0x00007fa5fc00d000 DEOPT PACKING pc=0x00007fa5ed335ebf sp=0x00007fa60481d800
Event: 39,378 Thread 0x00007fa5fc00d000 DEOPT UNPACKING pc=0x00007fa5ed0474c4 sp=0x00007fa60481d5c8 mode 0
Event: 39,394 Executing VM operation: ForceSafepoint
Event: 39,394 Executing VM operation: ForceSafepoint done
Event: 40,196 Executing VM operation: ParallelGCFailedAllocation


Dynamic libraries:
85000000-c3300000 rw-p 00000000 00:00 0 
d2880000-d7000000 ---p 00000000 00:00 0 
d7000000-100000000 rw-p 00000000 00:00 0 
100000000-1000c0000 rw-p 00000000 00:00 0 
1000c0000-140000000 ---p 00000000 00:00 0 
55d7503dd000-55d7503de000 r-xp 00000000 08:06 1056070                    /usr/lib/jvm/java-8-openjdk-amd64/jre/bin/java
55d7505dd000-55d7505de000 r--p 00000000 08:06 1056070                    /usr/lib/jvm/java-8-openjdk-amd64/jre/bin/java
55d7505de000-55d7505df000 rw-p 00001000 08:06 1056070                    /usr/lib/jvm/java-8-openjdk-amd64/jre/bin/java
55d752002000-55d752023000 rw-p 00000000 00:00 0                          [heap]
7fa5a4000000-7fa5a4021000 rw-p 00000000 00:00 0 
7fa5a4021000-7fa5a8000000 ---p 00000000 00:00 0 
7fa5a8000000-7fa5a8021000 rw-p 00000000 00:00 0 
7fa5a8021000-7fa5ac000000 ---p 00000000 00:00 0 
7fa5ac000000-7fa5ac340000 rw-p 00000000 00:00 0 
7fa5ac340000-7fa5b0000000 ---p 00000000 00:00 0 
7fa5b0000000-7fa5b0021000 rw-p 00000000 00:00 0 
7fa5b0021000-7fa5b4000000 ---p 00000000 00:00 0 
7fa5b4000000-7fa5b4f95000 rw-p 00000000 00:00 0 
7fa5b4f95000-7fa5b8000000 ---p 00000000 00:00 0 
7fa5b8000000-7fa5b8bc9000 rw-p 00000000 00:00 0 
7fa5b8bc9000-7fa5bc000000 ---p 00000000 00:00 0 
7fa5bcfff000-7fa5c0000000 rw-p 00000000 00:00 0 
7fa5c0000000-7fa5c0021000 rw-p 00000000 00:00 0 
7fa5c0021000-7fa5c4000000 ---p 00000000 00:00 0 
7fa5c4000000-7fa5c4021000 rw-p 00000000 00:00 0 
7fa5c4021000-7fa5c8000000 ---p 00000000 00:00 0 
7fa5c8000000-7fa5c8021000 rw-p 00000000 00:00 0 
7fa5c8021000-7fa5cc000000 ---p 00000000 00:00 0 
7fa5cc000000-7fa5cc021000 rw-p 00000000 00:00 0 
7fa5cc021000-7fa5d0000000 ---p 00000000 00:00 0 
7fa5d0000000-7fa5d0021000 rw-p 00000000 00:00 0 
7fa5d0021000-7fa5d4000000 ---p 00000000 00:00 0 
7fa5d5b6f000-7fa5d5b72000 ---p 00000000 00:00 0 
7fa5d5b72000-7fa5d5c70000 rw-p 00000000 00:00 0 
7fa5d5c70000-7fa5d5c81000 r-xp 00000000 08:06 1056213                    /usr/lib/jvm/java-8-openjdk-amd64/jre/lib/amd64/libnio.so
7fa5d5c81000-7fa5d5e80000 ---p 00011000 08:06 1056213                    /usr/lib/jvm/java-8-openjdk-amd64/jre/lib/amd64/libnio.so
7fa5d5e80000-7fa5d5e81000 r--p 00010000 08:06 1056213                    /usr/lib/jvm/java-8-openjdk-amd64/jre/lib/amd64/libnio.so
7fa5d5e81000-7fa5d5e82000 rw-p 00011000 08:06 1056213                    /usr/lib/jvm/java-8-openjdk-amd64/jre/lib/amd64/libnio.so
7fa5d5e82000-7fa5d5e83000 ---p 00000000 00:00 0 
7fa5d5e83000-7fa5d5f83000 rw-p 00000000 00:00 0 
7fa5d5f83000-7fa5d5f86000 ---p 00000000 00:00 0 
7fa5d5f86000-7fa5d6084000 rw-p 00000000 00:00 0 
7fa5d6084000-7fa5d6085000 ---p 00000000 00:00 0 
7fa5d6085000-7fa5d6088000 ---p 00000000 00:00 0 
7fa5d6088000-7fa5d6185000 rw-p 00000000 00:00 0 
7fa5d6185000-7fa5d619b000 r-xp 00000000 08:06 1056212                    /usr/lib/jvm/java-8-openjdk-amd64/jre/lib/amd64/libnet.so
7fa5d619b000-7fa5d639a000 ---p 00016000 08:06 1056212                    /usr/lib/jvm/java-8-openjdk-amd64/jre/lib/amd64/libnet.so
7fa5d639a000-7fa5d639b000 r--p 00015000 08:06 1056212                    /usr/lib/jvm/java-8-openjdk-amd64/jre/lib/amd64/libnet.so
7fa5d639b000-7fa5d639c000 rw-p 00016000 08:06 1056212                    /usr/lib/jvm/java-8-openjdk-amd64/jre/lib/amd64/libnet.so
7fa5d639c000-7fa5d639d000 ---p 00000000 00:00 0 
7fa5d639d000-7fa5d63a0000 ---p 00000000 00:00 0 
7fa5d63a0000-7fa5d649d000 rw-p 00000000 00:00 0 
7fa5d649d000-7fa5d649e000 ---p 00000000 00:00 0 
7fa5d649e000-7fa5d64a1000 ---p 00000000 00:00 0 
7fa5d64a1000-7fa5d659e000 rw-p 00000000 00:00 0 
7fa5d659e000-7fa5d65a1000 ---p 00000000 00:00 0 
7fa5d65a1000-7fa5d669f000 rw-p 00000000 00:00 0 
7fa5d669f000-7fa5d66a2000 ---p 00000000 00:00 0 
7fa5d66a2000-7fa5d67a0000 rw-p 00000000 00:00 0 
7fa5d67a0000-7fa5d716f000 r--p 00000000 08:06 1054786                    /usr/lib/locale/locale-archive
7fa5d716f000-7fa5d7172000 ---p 00000000 00:00 0 
7fa5d7172000-7fa5d7270000 rw-p 00000000 00:00 0 
7fa5d7270000-7fa5d7273000 ---p 00000000 00:00 0 
7fa5d7273000-7fa5d7371000 rw-p 00000000 00:00 0 
7fa5d7371000-7fa5d7372000 ---p 00000000 00:00 0 
7fa5d7372000-7fa5dc000000 rw-p 00000000 00:00 0 
7fa5dc000000-7fa5dc021000 rw-p 00000000 00:00 0 
7fa5dc021000-7fa5e0000000 ---p 00000000 00:00 0 
7fa5e0000000-7fa5e0021000 rw-p 00000000 00:00 0 
7fa5e0021000-7fa5e4000000 ---p 00000000 00:00 0 
7fa5e4000000-7fa5e4021000 rw-p 00000000 00:00 0 
7fa5e4021000-7fa5e8000000 ---p 00000000 00:00 0 
7fa5e8000000-7fa5e8021000 rw-p 00000000 00:00 0 
7fa5e8021000-7fa5ec000000 ---p 00000000 00:00 0 
7fa5ec0ce000-7fa5ec0e1000 r--s 00346000 08:06 1059720                    /usr/lib/jvm/java-8-openjdk-amd64/jre/lib/resources.jar
7fa5ec0e1000-7fa5ec1e2000 rw-p 00000000 00:00 0 
7fa5ec1e2000-7fa5ec3b2000 r--s 03c5c000 08:06 1059721                    /usr/lib/jvm/java-8-openjdk-amd64/jre/lib/rt.jar
7fa5ec3b2000-7fa5ec928000 rw-p 00000000 00:00 0 
7fa5ec928000-7fa5ecc28000 ---p 00000000 00:00 0 
7fa5ecc28000-7fa5ed000000 rw-p 00000000 00:00 0 
7fa5ed000000-7fa5ed3c0000 rwxp 00000000 00:00 0 
7fa5ed3c0000-7fa5fc000000 ---p 00000000 00:00 0 
7fa5fc000000-7fa5fc33e000 rw-p 00000000 00:00 0 
7fa5fc33e000-7fa600000000 ---p 00000000 00:00 0 
7fa600001000-7fa600006000 r--s 000a3000 08:06 1059712                    /usr/lib/jvm/java-8-openjdk-amd64/jre/lib/jsse.jar
7fa600006000-7fa60000b000 r--s 002f9000 08:06 1056223                    /usr/lib/jvm/java-8-openjdk-amd64/jre/lib/charsets.jar
7fa60000b000-7fa600026000 r--s 001d6000 08:06 1056270                    /usr/lib/jvm/java-8-openjdk-amd64/jre/lib/ext/nashorn.jar
7fa600026000-7fa600041000 r--s 00394000 08:06 1056265                    /usr/lib/jvm/java-8-openjdk-amd64/jre/lib/ext/cldrdata.jar
7fa600041000-7fa600042000 ---p 00000000 00:00 0 
7fa600042000-7fa600142000 rw-p 00000000 00:00 0 
7fa600142000-7fa600143000 ---p 00000000 00:00 0 
7fa600143000-7fa600243000 rw-p 00000000 00:00 0 
7fa600243000-7fa600244000 ---p 00000000 00:00 0 
7fa600244000-7fa600344000 rw-p 00000000 00:00 0 
7fa600344000-7fa600345000 ---p 00000000 00:00 0 
7fa600345000-7fa600637000 rw-p 00000000 00:00 0 
7fa600637000-7fa6006d5000 ---p 00000000 00:00 0 
7fa6006d5000-7fa6008c7000 rw-p 00000000 00:00 0 
7fa6008c7000-7fa600965000 ---p 00000000 00:00 0 
7fa600965000-7fa600aad000 rw-p 00000000 00:00 0 
7fa600aad000-7fa600abd000 rw-p 00000000 00:00 0 
7fa600abd000-7fa600e6e000 ---p 00000000 00:00 0 
7fa600e6e000-7fa600e76000 r-xp 00000000 08:06 1056220                    /usr/lib/jvm/java-8-openjdk-amd64/jre/lib/amd64/libzip.so
7fa600e76000-7fa601075000 ---p 00008000 08:06 1056220                    /usr/lib/jvm/java-8-openjdk-amd64/jre/lib/amd64/libzip.so
7fa601075000-7fa601076000 r--p 00007000 08:06 1056220                    /usr/lib/jvm/java-8-openjdk-amd64/jre/lib/amd64/libzip.so
7fa601076000-7fa601077000 rw-p 00008000 08:06 1056220                    /usr/lib/jvm/java-8-openjdk-amd64/jre/lib/amd64/libzip.so
7fa601077000-7fa601082000 r-xp 00000000 08:06 661033                     /lib/x86_64-linux-gnu/libnss_files-2.27.so
7fa601082000-7fa601281000 ---p 0000b000 08:06 661033                     /lib/x86_64-linux-gnu/libnss_files-2.27.so
7fa601281000-7fa601282000 r--p 0000a000 08:06 661033                     /lib/x86_64-linux-gnu/libnss_files-2.27.so
7fa601282000-7fa601283000 rw-p 0000b000 08:06 661033                     /lib/x86_64-linux-gnu/libnss_files-2.27.so
7fa601283000-7fa601289000 rw-p 00000000 00:00 0 
7fa601289000-7fa6012a0000 r-xp 00000000 08:06 661027                     /lib/x86_64-linux-gnu/libnsl-2.27.so
7fa6012a0000-7fa60149f000 ---p 00017000 08:06 661027                     /lib/x86_64-linux-gnu/libnsl-2.27.so
7fa60149f000-7fa6014a0000 r--p 00016000 08:06 661027                     /lib/x86_64-linux-gnu/libnsl-2.27.so
7fa6014a0000-7fa6014a1000 rw-p 00017000 08:06 661027                     /lib/x86_64-linux-gnu/libnsl-2.27.so
7fa6014a1000-7fa6014a3000 rw-p 00000000 00:00 0 
7fa6014a3000-7fa6014ae000 r-xp 00000000 08:06 661044                     /lib/x86_64-linux-gnu/libnss_nis-2.27.so
7fa6014ae000-7fa6016ad000 ---p 0000b000 08:06 661044                     /lib/x86_64-linux-gnu/libnss_nis-2.27.so
7fa6016ad000-7fa6016ae000 r--p 0000a000 08:06 661044                     /lib/x86_64-linux-gnu/libnss_nis-2.27.so
7fa6016ae000-7fa6016af000 rw-p 0000b000 08:06 661044                     /lib/x86_64-linux-gnu/libnss_nis-2.27.so
7fa6016af000-7fa6016b7000 r-xp 00000000 08:06 661029                     /lib/x86_64-linux-gnu/libnss_compat-2.27.so
7fa6016b7000-7fa6018b7000 ---p 00008000 08:06 661029                     /lib/x86_64-linux-gnu/libnss_compat-2.27.so
7fa6018b7000-7fa6018b8000 r--p 00008000 08:06 661029                     /lib/x86_64-linux-gnu/libnss_compat-2.27.so
7fa6018b8000-7fa6018b9000 rw-p 00009000 08:06 661029                     /lib/x86_64-linux-gnu/libnss_compat-2.27.so
7fa6018b9000-7fa6018c3000 r-xp 00000000 08:06 1056196                    /usr/lib/jvm/java-8-openjdk-amd64/jre/lib/amd64/libinstrument.so
7fa6018c3000-7fa601ac2000 ---p 0000a000 08:06 1056196                    /usr/lib/jvm/java-8-openjdk-amd64/jre/lib/amd64/libinstrument.so
7fa601ac2000-7fa601ac3000 r--p 00009000 08:06 1056196                    /usr/lib/jvm/java-8-openjdk-amd64/jre/lib/amd64/libinstrument.so
7fa601ac3000-7fa601ac4000 rw-p 0000a000 08:06 1056196                    /usr/lib/jvm/java-8-openjdk-amd64/jre/lib/amd64/libinstrument.so
7fa601ac4000-7fa601aee000 r-xp 00000000 08:06 1056201                    /usr/lib/jvm/java-8-openjdk-amd64/jre/lib/amd64/libjava.so
7fa601aee000-7fa601ced000 ---p 0002a000 08:06 1056201                    /usr/lib/jvm/java-8-openjdk-amd64/jre/lib/amd64/libjava.so
7fa601ced000-7fa601cee000 r--p 00029000 08:06 1056201                    /usr/lib/jvm/java-8-openjdk-amd64/jre/lib/amd64/libjava.so
7fa601cee000-7fa601cf0000 rw-p 0002a000 08:06 1056201                    /usr/lib/jvm/java-8-openjdk-amd64/jre/lib/amd64/libjava.so
7fa601cf0000-7fa601d00000 r-xp 00000000 08:06 1056219                    /usr/lib/jvm/java-8-openjdk-amd64/jre/lib/amd64/libverify.so
7fa601d00000-7fa601eff000 ---p 00010000 08:06 1056219                    /usr/lib/jvm/java-8-openjdk-amd64/jre/lib/amd64/libverify.so
7fa601eff000-7fa601f01000 r--p 0000f000 08:06 1056219                    /usr/lib/jvm/java-8-openjdk-amd64/jre/lib/amd64/libverify.so
7fa601f01000-7fa601f02000 rw-p 00011000 08:06 1056219                    /usr/lib/jvm/java-8-openjdk-amd64/jre/lib/amd64/libverify.so
7fa601f02000-7fa601f09000 r-xp 00000000 08:06 661084                     /lib/x86_64-linux-gnu/librt-2.27.so
7fa601f09000-7fa602108000 ---p 00007000 08:06 661084                     /lib/x86_64-linux-gnu/librt-2.27.so
7fa602108000-7fa602109000 r--p 00006000 08:06 661084                     /lib/x86_64-linux-gnu/librt-2.27.so
7fa602109000-7fa60210a000 rw-p 00007000 08:06 661084                     /lib/x86_64-linux-gnu/librt-2.27.so
7fa60210a000-7fa602121000 r-xp 00000000 08:06 656935                     /lib/x86_64-linux-gnu/libgcc_s.so.1
7fa602121000-7fa602320000 ---p 00017000 08:06 656935                     /lib/x86_64-linux-gnu/libgcc_s.so.1
7fa602320000-7fa602321000 r--p 00016000 08:06 656935                     /lib/x86_64-linux-gnu/libgcc_s.so.1
7fa602321000-7fa602322000 rw-p 00017000 08:06 656935                     /lib/x86_64-linux-gnu/libgcc_s.so.1
7fa602322000-7fa6024bf000 r-xp 00000000 08:06 661006                     /lib/x86_64-linux-gnu/libm-2.27.so
7fa6024bf000-7fa6026be000 ---p 0019d000 08:06 661006                     /lib/x86_64-linux-gnu/libm-2.27.so
7fa6026be000-7fa6026bf000 r--p 0019c000 08:06 661006                     /lib/x86_64-linux-gnu/libm-2.27.so
7fa6026bf000-7fa6026c0000 rw-p 0019d000 08:06 661006                     /lib/x86_64-linux-gnu/libm-2.27.so
7fa6026c0000-7fa602839000 r-xp 00000000 08:06 1052876                    /usr/lib/x86_64-linux-gnu/libstdc++.so.6.0.25
7fa602839000-7fa602a39000 ---p 00179000 08:06 1052876                    /usr/lib/x86_64-linux-gnu/libstdc++.so.6.0.25
7fa602a39000-7fa602a43000 r--p 00179000 08:06 1052876                    /usr/lib/x86_64-linux-gnu/libstdc++.so.6.0.25
7fa602a43000-7fa602a45000 rw-p 00183000 08:06 1052876                    /usr/lib/x86_64-linux-gnu/libstdc++.so.6.0.25
7fa602a45000-7fa602a49000 rw-p 00000000 00:00 0 
7fa602a49000-7fa6036e8000 r-xp 00000000 08:06 1056222                    /usr/lib/jvm/java-8-openjdk-amd64/jre/lib/amd64/server/libjvm.so
7fa6036e8000-7fa6038e8000 ---p 00c9f000 08:06 1056222                    /usr/lib/jvm/java-8-openjdk-amd64/jre/lib/amd64/server/libjvm.so
7fa6038e8000-7fa60397c000 r--p 00c9f000 08:06 1056222                    /usr/lib/jvm/java-8-openjdk-amd64/jre/lib/amd64/server/libjvm.so
7fa60397c000-7fa6039a5000 rw-p 00d33000 08:06 1056222                    /usr/lib/jvm/java-8-openjdk-amd64/jre/lib/amd64/server/libjvm.so
7fa6039a5000-7fa6039d5000 rw-p 00000000 00:00 0 
7fa6039d5000-7fa6039ef000 r-xp 00000000 08:06 661076                     /lib/x86_64-linux-gnu/libpthread-2.27.so
7fa6039ef000-7fa603bee000 ---p 0001a000 08:06 661076                     /lib/x86_64-linux-gnu/libpthread-2.27.so
7fa603bee000-7fa603bef000 r--p 00019000 08:06 661076                     /lib/x86_64-linux-gnu/libpthread-2.27.so
7fa603bef000-7fa603bf0000 rw-p 0001a000 08:06 661076                     /lib/x86_64-linux-gnu/libpthread-2.27.so
7fa603bf0000-7fa603bf4000 rw-p 00000000 00:00 0 
7fa603bf4000-7fa603bf7000 r-xp 00000000 08:06 660966                     /lib/x86_64-linux-gnu/libdl-2.27.so
7fa603bf7000-7fa603df6000 ---p 00003000 08:06 660966                     /lib/x86_64-linux-gnu/libdl-2.27.so
7fa603df6000-7fa603df7000 r--p 00002000 08:06 660966                     /lib/x86_64-linux-gnu/libdl-2.27.so
7fa603df7000-7fa603df8000 rw-p 00003000 08:06 660966                     /lib/x86_64-linux-gnu/libdl-2.27.so
7fa603df8000-7fa603e14000 r-xp 00000000 08:06 661115                     /lib/x86_64-linux-gnu/libz.so.1.2.11
7fa603e14000-7fa604013000 ---p 0001c000 08:06 661115                     /lib/x86_64-linux-gnu/libz.so.1.2.11
7fa604013000-7fa604014000 r--p 0001b000 08:06 661115                     /lib/x86_64-linux-gnu/libz.so.1.2.11
7fa604014000-7fa604015000 rw-p 0001c000 08:06 661115                     /lib/x86_64-linux-gnu/libz.so.1.2.11
7fa604015000-7fa6041fc000 r-xp 00000000 08:06 660943                     /lib/x86_64-linux-gnu/libc-2.27.so
7fa6041fc000-7fa6043fc000 ---p 001e7000 08:06 660943                     /lib/x86_64-linux-gnu/libc-2.27.so
7fa6043fc000-7fa604400000 r--p 001e7000 08:06 660943                     /lib/x86_64-linux-gnu/libc-2.27.so
7fa604400000-7fa604402000 rw-p 001eb000 08:06 660943                     /lib/x86_64-linux-gnu/libc-2.27.so
7fa604402000-7fa604406000 rw-p 00000000 00:00 0 
7fa604406000-7fa604414000 r-xp 00000000 08:06 1056137                    /usr/lib/jvm/java-8-openjdk-amd64/jre/lib/amd64/jli/libjli.so
7fa604414000-7fa604613000 ---p 0000e000 08:06 1056137                    /usr/lib/jvm/java-8-openjdk-amd64/jre/lib/amd64/jli/libjli.so
7fa604613000-7fa604614000 r--p 0000d000 08:06 1056137                    /usr/lib/jvm/java-8-openjdk-amd64/jre/lib/amd64/jli/libjli.so
7fa604614000-7fa604615000 rw-p 0000e000 08:06 1056137                    /usr/lib/jvm/java-8-openjdk-amd64/jre/lib/amd64/jli/libjli.so
7fa604615000-7fa60463c000 r-xp 00000000 08:06 660915                     /lib/x86_64-linux-gnu/ld-2.27.so
7fa60463c000-7fa60463e000 r--s 0001b000 08:06 543039                     /home/ahmed/.local/share/JetBrains/Toolbox/apps/IDEA-U/ch-0/192.6603.28/lib/idea_rt.jar
7fa60463e000-7fa60463f000 r--s 00000000 08:06 1059716                    /usr/lib/jvm/java-8-openjdk-amd64/jre/lib/management-agent.jar
7fa60463f000-7fa604644000 r--s 0003c000 08:06 1056272                    /usr/lib/jvm/java-8-openjdk-amd64/jre/lib/ext/sunjce_provider.jar
7fa604644000-7fa60464e000 r--s 00116000 08:06 1056269                    /usr/lib/jvm/java-8-openjdk-amd64/jre/lib/ext/localedata.jar
7fa60464e000-7fa60471e000 rw-p 00000000 00:00 0 
7fa60471e000-7fa60471f000 ---p 00000000 00:00 0 
7fa60471f000-7fa604722000 ---p 00000000 00:00 0 
7fa604722000-7fa604821000 rw-p 00000000 00:00 0 
7fa604821000-7fa604823000 r--s 00016000 08:06 1056408                    /usr/lib/jvm/java-8-openjdk-amd64/jre/lib/jce.jar
7fa604823000-7fa604824000 r--s 00010000 08:06 1056274                    /usr/lib/jvm/java-8-openjdk-amd64/jre/lib/ext/zipfs.jar
7fa604824000-7fa604826000 r--s 00001000 08:06 1056266                    /usr/lib/jvm/java-8-openjdk-amd64/jre/lib/ext/dnsns.jar
7fa604826000-7fa604827000 r--s 0000d000 08:06 1056271                    /usr/lib/jvm/java-8-openjdk-amd64/jre/lib/ext/sunec.jar
7fa604827000-7fa604829000 r--s 00007000 08:06 1451336                    /usr/share/java/java-atk-wrapper.jar
7fa604829000-7fa60482c000 r--s 0000f000 08:06 1056267                    /usr/lib/jvm/java-8-openjdk-amd64/jre/lib/ext/icedtea-sound.jar
7fa60482c000-7fa60482d000 r--s 0000a000 08:06 1056268                    /usr/lib/jvm/java-8-openjdk-amd64/jre/lib/ext/jaccess.jar
7fa60482d000-7fa604830000 r--s 00039000 08:06 1056273                    /usr/lib/jvm/java-8-openjdk-amd64/jre/lib/ext/sunpkcs11.jar
7fa604830000-7fa604838000 rw-s 00000000 08:06 131099                     /tmp/hsperfdata_ahmed/9387
7fa604838000-7fa604839000 rw-p 00000000 00:00 0 
7fa604839000-7fa60483a000 ---p 00000000 00:00 0 
7fa60483a000-7fa60483c000 rw-p 00000000 00:00 0 
7fa60483c000-7fa60483d000 r--p 00027000 08:06 660915                     /lib/x86_64-linux-gnu/ld-2.27.so
7fa60483d000-7fa60483e000 rw-p 00028000 08:06 660915                     /lib/x86_64-linux-gnu/ld-2.27.so
7fa60483e000-7fa60483f000 rw-p 00000000 00:00 0 
7fff28c46000-7fff28c67000 rw-p 00000000 00:00 0                          [stack]
7fff28ca2000-7fff28ca5000 r--p 00000000 00:00 0                          [vvar]
7fff28ca5000-7fff28ca7000 r-xp 00000000 00:00 0                          [vdso]
ffffffffff600000-ffffffffff601000 r-xp 00000000 00:00 0                  [vsyscall]

VM Arguments:
jvm_args: -ea -javaagent:/home/ahmed/.local/share/JetBrains/Toolbox/apps/IDEA-U/ch-0/192.6603.28/lib/idea_rt.jar=32859:/home/ahmed/.local/share/JetBrains/Toolbox/apps/IDEA-U/ch-0/192.6603.28/bin -Dfile.encoding=UTF-8 
java_command: Main mesi blackscholes_four 1024 1 16
java_class_path (initial): /usr/lib/jvm/java-8-openjdk-amd64/jre/lib/charsets.jar:/usr/lib/jvm/java-8-openjdk-amd64/jre/lib/ext/cldrdata.jar:/usr/lib/jvm/java-8-openjdk-amd64/jre/lib/ext/dnsns.jar:/usr/lib/jvm/java-8-openjdk-amd64/jre/lib/ext/icedtea-sound.jar:/usr/lib/jvm/java-8-openjdk-amd64/jre/lib/ext/jaccess.jar:/usr/lib/jvm/java-8-openjdk-amd64/jre/lib/ext/java-atk-wrapper.jar:/usr/lib/jvm/java-8-openjdk-amd64/jre/lib/ext/localedata.jar:/usr/lib/jvm/java-8-openjdk-amd64/jre/lib/ext/nashorn.jar:/usr/lib/jvm/java-8-openjdk-amd64/jre/lib/ext/sunec.jar:/usr/lib/jvm/java-8-openjdk-amd64/jre/lib/ext/sunjce_provider.jar:/usr/lib/jvm/java-8-openjdk-amd64/jre/lib/ext/sunpkcs11.jar:/usr/lib/jvm/java-8-openjdk-amd64/jre/lib/ext/zipfs.jar:/usr/lib/jvm/java-8-openjdk-amd64/jre/lib/jce.jar:/usr/lib/jvm/java-8-openjdk-amd64/jre/lib/jsse.jar:/usr/lib/jvm/java-8-openjdk-amd64/jre/lib/management-agent.jar:/usr/lib/jvm/java-8-openjdk-amd64/jre/lib/resources.jar:/usr/lib/jvm/java-8-openjdk-amd64/jre/lib/rt.jar:/home/ahmed/cache-simulator/out/production/cache-simulator:/home/ahmed/.local/share/JetBrains/Toolbox/apps/IDEA-U/ch-0/192.6603.28/lib/idea_rt.jar
Launcher Type: SUN_STANDARD

Environment Variables:
PATH=/home/ahmed/.local/bin:/usr/local/sbin:/usr/local/bin:/usr/sbin:/usr/bin:/sbin:/bin:/usr/games:/usr/local/games:/snap/bin
USERNAME=ahmed
SHELL=/bin/bash
DISPLAY=:0

Signal Handlers:
SIGSEGV: [libjvm.so+0xab92f0], sa_mask[0]=11111111011111111101111111111110, sa_flags=SA_RESTART|SA_SIGINFO
SIGBUS: [libjvm.so+0xab92f0], sa_mask[0]=11111111011111111101111111111110, sa_flags=SA_RESTART|SA_SIGINFO
SIGFPE: [libjvm.so+0x8ee560], sa_mask[0]=11111111011111111101111111111110, sa_flags=SA_RESTART|SA_SIGINFO
SIGPIPE: [libjvm.so+0x8ee560], sa_mask[0]=11111111011111111101111111111110, sa_flags=SA_RESTART|SA_SIGINFO
SIGXFSZ: [libjvm.so+0x8ee560], sa_mask[0]=11111111011111111101111111111110, sa_flags=SA_RESTART|SA_SIGINFO
SIGILL: [libjvm.so+0x8ee560], sa_mask[0]=11111111011111111101111111111110, sa_flags=SA_RESTART|SA_SIGINFO
SIGUSR1: SIG_DFL, sa_mask[0]=00000000000000000000000000000000, sa_flags=none
SIGUSR2: [libjvm.so+0x8ee410], sa_mask[0]=00100000000000000000000000000000, sa_flags=SA_RESTART|SA_SIGINFO
SIGHUP: [libjvm.so+0x8eea80], sa_mask[0]=11111111011111111101111111111110, sa_flags=SA_RESTART|SA_SIGINFO
SIGINT: [libjvm.so+0x8eea80], sa_mask[0]=11111111011111111101111111111110, sa_flags=SA_RESTART|SA_SIGINFO
SIGTERM: [libjvm.so+0x8eea80], sa_mask[0]=11111111011111111101111111111110, sa_flags=SA_RESTART|SA_SIGINFO
SIGQUIT: [libjvm.so+0x8eea80], sa_mask[0]=11111111011111111101111111111110, sa_flags=SA_RESTART|SA_SIGINFO


---------------  S Y S T E M  ---------------

OS:DISTRIB_ID=Ubuntu
DISTRIB_RELEASE=18.04
DISTRIB_CODENAME=bionic
DISTRIB_DESCRIPTION="Ubuntu 18.04.3 LTS"

uname:Linux 4.15.0-69-generic #78-Ubuntu SMP Wed Nov 6 11:30:24 UTC 2019 x86_64
libc:glibc 2.27 NPTL 2.27 
rlimit: STACK 8192k, CORE 0k, NPROC 30944, NOFILE 1048576, AS infinity
load average:3,38 3,78 3,59

/proc/meminfo:
MemTotal:        8059536 kB
MemFree:          128844 kB
MemAvailable:      27860 kB
Buffers:             436 kB
Cached:           279084 kB
SwapCached:         6644 kB
Active:          6721216 kB
Inactive:         909112 kB
Active(anon):    6715772 kB
Inactive(anon):   902240 kB
Active(file):       5444 kB
Inactive(file):     6872 kB
Unevictable:          48 kB
Mlocked:              48 kB
SwapTotal:       1897064 kB
SwapFree:              0 kB
Dirty:                 4 kB
Writeback:             0 kB
AnonPages:       7345484 kB
Mapped:           145064 kB
Shmem:            267096 kB
Slab:             151356 kB
SReclaimable:      57432 kB
SUnreclaim:        93924 kB
KernelStack:       13568 kB
PageTables:        62148 kB
NFS_Unstable:          0 kB
Bounce:                0 kB
WritebackTmp:          0 kB
CommitLimit:     5926832 kB
Committed_AS:   14703344 kB
VmallocTotal:   34359738367 kB
VmallocUsed:           0 kB
VmallocChunk:          0 kB
HardwareCorrupted:     0 kB
AnonHugePages:         0 kB
ShmemHugePages:        0 kB
ShmemPmdMapped:        0 kB
CmaTotal:              0 kB
CmaFree:               0 kB
HugePages_Total:       0
HugePages_Free:        0
HugePages_Rsvd:        0
HugePages_Surp:        0
Hugepagesize:       2048 kB
DirectMap4k:      224872 kB
DirectMap2M:     7008256 kB
DirectMap1G:     1048576 kB

container (cgroup) information:
container_type: cgroupv1
cpu_cpuset_cpus: 0-3
cpu_memory_nodes: 0
active_processor_count: 4
cpu_quota: -1
cpu_period: 100000
cpu_shares: -1
memory_limit_in_bytes: -1
memory_and_swap_limit_in_bytes: -2
memory_soft_limit_in_bytes: -1
memory_usage_in_bytes: 7764140032
memory_max_usage_in_bytes: 7786680320


CPU:total 4 (initial active 4) (2 cores per cpu, 2 threads per core) family 6 model 142 stepping 9, cmov, cx8, fxsr, mmx, sse, sse2, sse3, ssse3, sse4.1, sse4.2, popcnt, avx, avx2, aes, clmul, erms, 3dnowpref, lzcnt, ht, tsc, tscinvbit, bmi1, bmi2, adx

/proc/cpuinfo:
processor	: 0
vendor_id	: GenuineIntel
cpu family	: 6
model		: 142
model name	: Intel(R) Core(TM) i7-7500U CPU @ 2.70GHz
stepping	: 9
microcode	: 0xc6
cpu MHz		: 2626.055
cache size	: 4096 KB
physical id	: 0
siblings	: 4
core id		: 0
cpu cores	: 2
apicid		: 0
initial apicid	: 0
fpu		: yes
fpu_exception	: yes
cpuid level	: 22
wp		: yes
flags		: fpu vme de pse tsc msr pae mce cx8 apic sep mtrr pge mca cmov pat pse36 clflush dts acpi mmx fxsr sse sse2 ss ht tm pbe syscall nx pdpe1gb rdtscp lm constant_tsc art arch_perfmon pebs bts rep_good nopl xtopology nonstop_tsc cpuid aperfmperf tsc_known_freq pni pclmulqdq dtes64 monitor ds_cpl vmx est tm2 ssse3 sdbg fma cx16 xtpr pdcm pcid sse4_1 sse4_2 x2apic movbe popcnt tsc_deadline_timer aes xsave avx f16c rdrand lahf_lm abm 3dnowprefetch cpuid_fault epb invpcid_single pti ssbd ibrs ibpb stibp tpr_shadow vnmi flexpriority ept vpid fsgsbase tsc_adjust bmi1 avx2 smep bmi2 erms invpcid mpx rdseed adx smap clflushopt intel_pt xsaveopt xsavec xgetbv1 xsaves dtherm ida arat pln pts hwp hwp_notify hwp_act_window hwp_epp md_clear flush_l1d
bugs		: cpu_meltdown spectre_v1 spectre_v2 spec_store_bypass l1tf mds swapgs itlb_multihit
bogomips	: 5808.00
clflush size	: 64
cache_alignment	: 64
address sizes	: 39 bits physical, 48 bits virtual
power management:

processor	: 1
vendor_id	: GenuineIntel
cpu family	: 6
model		: 142
model name	: Intel(R) Core(TM) i7-7500U CPU @ 2.70GHz
stepping	: 9
microcode	: 0xc6
cpu MHz		: 2684.696
cache size	: 4096 KB
physical id	: 0
siblings	: 4
core id		: 1
cpu cores	: 2
apicid		: 2
initial apicid	: 2
fpu		: yes
fpu_exception	: yes
cpuid level	: 22
wp		: yes
flags		: fpu vme de pse tsc msr pae mce cx8 apic sep mtrr pge mca cmov pat pse36 clflush dts acpi mmx fxsr sse sse2 ss ht tm pbe syscall nx pdpe1gb rdtscp lm constant_tsc art arch_perfmon pebs bts rep_good nopl xtopology nonstop_tsc cpuid aperfmperf tsc_known_freq pni pclmulqdq dtes64 monitor ds_cpl vmx est tm2 ssse3 sdbg fma cx16 xtpr pdcm pcid sse4_1 sse4_2 x2apic movbe popcnt tsc_deadline_timer aes xsave avx f16c rdrand lahf_lm abm 3dnowprefetch cpuid_fault epb invpcid_single pti ssbd ibrs ibpb stibp tpr_shadow vnmi flexpriority ept vpid fsgsbase tsc_adjust bmi1 avx2 smep bmi2 erms invpcid mpx rdseed adx smap clflushopt intel_pt xsaveopt xsavec xgetbv1 xsaves dtherm ida arat pln pts hwp hwp_notify hwp_act_window hwp_epp md_clear flush_l1d
bugs		: cpu_meltdown spectre_v1 spectre_v2 spec_store_bypass l1tf mds swapgs itlb_multihit
bogomips	: 5808.00
clflush size	: 64
cache_alignment	: 64
address sizes	: 39 bits physical, 48 bits virtual
power management:

processor	: 2
vendor_id	: GenuineIntel
cpu family	: 6
model		: 142
model name	: Intel(R) Core(TM) i7-7500U CPU @ 2.70GHz
stepping	: 9
microcode	: 0xc6
cpu MHz		: 2643.053
cache size	: 4096 KB
physical id	: 0
siblings	: 4
core id		: 0
cpu cores	: 2
apicid		: 1
initial apicid	: 1
fpu		: yes
fpu_exception	: yes
cpuid level	: 22
wp		: yes
flags		: fpu vme de pse tsc msr pae mce cx8 apic sep mtrr pge mca cmov pat pse36 clflush dts acpi mmx fxsr sse sse2 ss ht tm pbe syscall nx pdpe1gb rdtscp lm constant_tsc art arch_perfmon pebs bts rep_good nopl xtopology nonstop_tsc cpuid aperfmperf tsc_known_freq pni pclmulqdq dtes64 monitor ds_cpl vmx est tm2 ssse3 sdbg fma cx16 xtpr pdcm pcid sse4_1 sse4_2 x2apic movbe popcnt tsc_deadline_timer aes xsave avx f16c rdrand lahf_lm abm 3dnowprefetch cpuid_fault epb invpcid_single pti ssbd ibrs ibpb stibp tpr_shadow vnmi flexpriority ept vpid fsgsbase tsc_adjust bmi1 avx2 smep bmi2 erms invpcid mpx rdseed adx smap clflushopt intel_pt xsaveopt xsavec xgetbv1 xsaves dtherm ida arat pln pts hwp hwp_notify hwp_act_window hwp_epp md_clear flush_l1d
bugs		: cpu_meltdown spectre_v1 spectre_v2 spec_store_bypass l1tf mds swapgs itlb_multihit
bogomips	: 5808.00
clflush size	: 64
cache_alignment	: 64
address sizes	: 39 bits physical, 48 bits virtual
power management:

processor	: 3
vendor_id	: GenuineIntel
cpu family	: 6
model		: 142
model name	: Intel(R) Core(TM) i7-7500U CPU @ 2.70GHz
stepping	: 9
microcode	: 0xc6
cpu MHz		: 2690.298
cache size	: 4096 KB
physical id	: 0
siblings	: 4
core id		: 1
cpu cores	: 2
apicid		: 3
initial apicid	: 3
fpu		: yes
fpu_exception	: yes
cpuid level	: 22
wp		: yes
flags		: fpu vme de pse tsc msr pae mce cx8 apic sep mtrr pge mca cmov pat pse36 clflush dts acpi mmx fxsr sse sse2 ss ht tm pbe syscall nx pdpe1gb rdtscp lm constant_tsc art arch_perfmon pebs bts rep_good nopl xtopology nonstop_tsc cpuid aperfmperf tsc_known_freq pni pclmulqdq dtes64 monitor ds_cpl vmx est tm2 ssse3 sdbg fma cx16 xtpr pdcm pcid sse4_1 sse4_2 x2apic movbe popcnt tsc_deadline_timer aes xsave avx f16c rdrand lahf_lm abm 3dnowprefetch cpuid_fault epb invpcid_single pti ssbd ibrs ibpb stibp tpr_shadow vnmi flexpriority ept vpid fsgsbase tsc_adjust bmi1 avx2 smep bmi2 erms invpcid mpx rdseed adx smap clflushopt intel_pt xsaveopt xsavec xgetbv1 xsaves dtherm ida arat pln pts hwp hwp_notify hwp_act_window hwp_epp md_clear flush_l1d
bugs		: cpu_meltdown spectre_v1 spectre_v2 spec_store_bypass l1tf mds swapgs itlb_multihit
bogomips	: 5808.00
clflush size	: 64
cache_alignment	: 64
address sizes	: 39 bits physical, 48 bits virtual
power management:



Memory: 4k page, physical 8059536k(127020k free), swap 1897064k(0k free)

vm_info: OpenJDK 64-Bit Server VM (25.222-b10) for linux-amd64 JRE (1.8.0_222-8u222-b10-1ubuntu1~18.04.1-b10), built on Jul 18 2019 18:52:48 by "buildd" with gcc 7.4.0

time: Thu Nov 21 22:29:14 2019
timezone: +08
elapsed time: 46 seconds (0d 0h 0m 46s)

