#
# There is insufficient memory for the Java Runtime Environment to continue.
# Native memory allocation (mmap) failed to map 183500800 bytes for committing reserved memory.
# Possible reasons:
#   The system is out of physical RAM or swap space
#   The process is running with CompressedOops enabled, and the Java Heap may be blocking the growth of the native heap
# Possible solutions:
#   Reduce memory load on the system
#   Increase physical memory or swap space
#   Check if swap backing store is full
#   Decrease Java heap size (-Xmx/-Xms)
#   Decrease number of Java threads
#   Decrease Java thread stack sizes (-Xss)
#   Set larger code cache with -XX:ReservedCodeCacheSize=
#   JVM is running with Unscaled Compressed Oops mode in which the Java heap is
#     placed in the first 4GB address space. The Java Heap base address is the
#     maximum limit for the native heap growth. Please use -XX:HeapBaseMinAddress
#     to set the Java Heap base and to place the Java Heap above 4GB virtual address.
# This output file may be truncated or incomplete.
#
#  Out of Memory Error (os_linux.cpp:2757), pid=8617, tid=0x00007f004af1a700
#
# JRE version: OpenJDK Runtime Environment (8.0_222-b10) (build 1.8.0_222-8u222-b10-1ubuntu1~18.04.1-b10)
# Java VM: OpenJDK 64-Bit Server VM (25.222-b10 mixed mode linux-amd64 compressed oops)
# Failed to write core dump. Core dumps have been disabled. To enable core dumping, try "ulimit -c unlimited" before starting Java again
#

---------------  T H R E A D  ---------------

Current thread (0x00007f0068141800):  VMThread [stack: 0x00007f004ae1b000,0x00007f004af1b000] [id=8631]

Stack: [0x00007f004ae1b000,0x00007f004af1b000],  sp=0x00007f004af19460,  free space=1017k
Native frames: (J=compiled Java code, j=interpreted, Vv=VM code, C=native code)
V  [libjvm.so+0xab8992]
V  [libjvm.so+0x4dbfd7]
V  [libjvm.so+0x8f33a0]
V  [libjvm.so+0x8ea46e]
V  [libjvm.so+0x96e106]
V  [libjvm.so+0x95cdaa]
V  [libjvm.so+0x95cf78]
V  [libjvm.so+0x95db80]
V  [libjvm.so+0x963f1c]
V  [libjvm.so+0x96bfd5]
V  [libjvm.so+0x91a5a8]
V  [libjvm.so+0xaba662]
V  [libjvm.so+0xabf1d6]
V  [libjvm.so+0xabd4d5]
V  [libjvm.so+0xabddad]
V  [libjvm.so+0xabe1b8]
V  [libjvm.so+0x8f0732]

VM_Operation (0x00007f00703476a0): ParallelGCFailedAllocation, mode: safepoint, requested by thread 0x00007f006800d000


---------------  P R O C E S S  ---------------

Java Threads: ( => current thread )
  0x00007f0030001000 JavaThread "Attach Listener" daemon [_thread_blocked, id=8658, stack(0x00007f0049618000,0x00007f0049719000)]
  0x00007f0068258000 JavaThread "Service Thread" daemon [_thread_blocked, id=8645, stack(0x00007f0049a2c000,0x00007f0049b2d000)]
  0x00007f0068253000 JavaThread "C1 CompilerThread2" daemon [_thread_blocked, id=8644, stack(0x00007f0049b2e000,0x00007f0049c2e000)]
  0x00007f0068251000 JavaThread "C2 CompilerThread1" daemon [_thread_blocked, id=8643, stack(0x00007f0049c2f000,0x00007f0049d2f000)]
  0x00007f006824f000 JavaThread "C2 CompilerThread0" daemon [_thread_blocked, id=8642, stack(0x00007f0049f47000,0x00007f004a047000)]
  0x00007f006824d000 JavaThread "Monitor Ctrl-Break" daemon [_thread_in_native, id=8641, stack(0x00007f004a047000,0x00007f004a148000)]
  0x00007f0068181000 JavaThread "Signal Dispatcher" daemon [_thread_blocked, id=8640, stack(0x00007f004a148000,0x00007f004a249000)]
  0x00007f006814e000 JavaThread "Finalizer" daemon [_thread_blocked, id=8639, stack(0x00007f004ac18000,0x00007f004ad19000)]
  0x00007f006814b800 JavaThread "Reference Handler" daemon [_thread_blocked, id=8638, stack(0x00007f004ad19000,0x00007f004ae1a000)]
  0x00007f006800d000 JavaThread "main" [_thread_blocked, id=8623, stack(0x00007f0070249000,0x00007f0070349000)]

Other Threads:
=>0x00007f0068141800 VMThread [stack: 0x00007f004ae1b000,0x00007f004af1b000] [id=8631]
  0x00007f006825a800 WatcherThread [stack: 0x00007f004992c000,0x00007f0049a2c000] [id=8646]

VM state:at safepoint (normal execution)

VM Mutex/Monitor currently owned by a thread:  ([mutex/lock_event])
[0x00007f0068008e30] ExpandHeap_lock - owner thread: 0x00007f0068141800
[0x00007f00680094b0] Threads_lock - owner thread: 0x00007f0068141800
[0x00007f00680099b0] Heap_lock - owner thread: 0x00007f006800d000

heap address: 0x0000000085000000, size: 1968 MB, Compressed Oops mode: 32-bit
Narrow klass base: 0x0000000000000000, Narrow klass shift: 3
Compressed class space size: 1073741824 Address: 0x0000000100000000

Heap:
 PSYoungGen      total 539648K, used 0K [0x00000000d7000000, 0x0000000100000000, 0x0000000100000000)
  eden space 431104K, 0% used [0x00000000d7000000,0x00000000d7000000,0x00000000f1500000)
  from space 108544K, 0% used [0x00000000f9600000,0x00000000f9600000,0x0000000100000000)
  to   space 120320K, 0% used [0x00000000f1500000,0x00000000f1500000,0x00000000f8a80000)
 ParOldGen       total 1057280K, used 906134K [0x0000000085000000, 0x00000000c5880000, 0x00000000d7000000)
  object space 1057280K, 85% used [0x0000000085000000,0x00000000bc4e5908,0x00000000c5880000)
 Metaspace       used 5515K, capacity 5722K, committed 5888K, reserved 1056768K
  class space    used 603K, capacity 681K, committed 768K, reserved 1048576K

Card table byte_map: [0x00007f006c1ff000,0x00007f006c5d8000] byte_map_base: 0x00007f006bdd7000

Marking Bits: (ParMarkBitMap*) 0x00007f006f4e2360
 Begin Bits: [0x00007f0050280000, 0x00007f0052140000)
 End Bits:   [0x00007f0052140000, 0x00007f0054000000)

Polling page: 0x00007f0070363000

CodeCache: size=245760Kb used=3664Kb max_used=3680Kb free=242096Kb
 bounds [0x00007f0059000000, 0x00007f00593a0000, 0x00007f0068000000]
 total_blobs=1232 nmethods=936 adapters=211
 compilation: enabled

Compilation events (10 events):
Event: 37,338 Thread 0x00007f006824f000 nmethod 969 0x00007f005937ddd0 code [0x00007f005937df20, 0x00007f005937e018]
Event: 37,338 Thread 0x00007f006824f000  965       4       cache.mesi.MesiCache::busTransactionOver (79 bytes)
Event: 37,356 Thread 0x00007f006824f000 nmethod 965 0x00007f0059389d50 code [0x00007f0059389f60, 0x00007f005938a6c8]
Event: 37,356 Thread 0x00007f006824f000  970   !   4       java.io.PrintStream::write (83 bytes)
Event: 37,373 Thread 0x00007f006824f000 nmethod 970 0x00007f0059387d50 code [0x00007f0059387f20, 0x00007f00593890b8]
Event: 37,373 Thread 0x00007f006824f000  971   !   4       java.io.PrintStream::newLine (73 bytes)
Event: 37,375 Thread 0x00007f0068251000 nmethod 966 0x00007f005939a0d0 code [0x00007f005939a2e0, 0x00007f005939b6f8]
Event: 37,375 Thread 0x00007f0068251000  967       4       java.util.LinkedList::contains (15 bytes)
Event: 37,376 Thread 0x00007f0068251000 nmethod 967 0x00007f005938b110 code [0x00007f005938b260, 0x00007f005938b358]
Event: 37,385 Thread 0x00007f006824f000 nmethod 971 0x00007f0059395150 code [0x00007f0059395360, 0x00007f00593967a8]

GC Heap History (10 events):
Event: 43,248 GC heap after
Heap after GC invocations=84 (full 6):
 PSYoungGen      total 538112K, used 83488K [0x00000000d7000000, 0x00000000ff600000, 0x0000000100000000)
  eden space 427008K, 0% used [0x00000000d7000000,0x00000000d7000000,0x00000000f1100000)
  from space 111104K, 75% used [0x00000000f8980000,0x00000000fdb08000,0x00000000ff600000)
  to   space 117248K, 0% used [0x00000000f1100000,0x00000000f1100000,0x00000000f8380000)
 ParOldGen       total 1048064K, used 974341K [0x0000000085000000, 0x00000000c4f80000, 0x00000000d7000000)
  object space 1048064K, 92% used [0x0000000085000000,0x00000000c0781670,0x00000000c4f80000)
 Metaspace       used 5515K, capacity 5722K, committed 5888K, reserved 1056768K
  class space    used 603K, capacity 681K, committed 768K, reserved 1048576K
}
Event: 43,751 GC heap before
{Heap before GC invocations=85 (full 6):
 PSYoungGen      total 538112K, used 510496K [0x00000000d7000000, 0x00000000ff600000, 0x0000000100000000)
  eden space 427008K, 100% used [0x00000000d7000000,0x00000000f1100000,0x00000000f1100000)
  from space 111104K, 75% used [0x00000000f8980000,0x00000000fdb08000,0x00000000ff600000)
  to   space 117248K, 0% used [0x00000000f1100000,0x00000000f1100000,0x00000000f8380000)
 ParOldGen       total 1048064K, used 974341K [0x0000000085000000, 0x00000000c4f80000, 0x00000000d7000000)
  object space 1048064K, 92% used [0x0000000085000000,0x00000000c0781670,0x00000000c4f80000)
 Metaspace       used 5515K, capacity 5722K, committed 5888K, reserved 1056768K
  class space    used 603K, capacity 681K, committed 768K, reserved 1048576K
Event: 43,885 GC heap after
Heap after GC invocations=85 (full 6):
 PSYoungGen      total 544256K, used 83200K [0x00000000d7000000, 0x00000000fff00000, 0x0000000100000000)
  eden space 427008K, 0% used [0x00000000d7000000,0x00000000d7000000,0x00000000f1100000)
  from space 117248K, 70% used [0x00000000f1100000,0x00000000f6240000,0x00000000f8380000)
  to   space 113664K, 0% used [0x00000000f9000000,0x00000000f9000000,0x00000000fff00000)
 ParOldGen       total 1048064K, used 974341K [0x0000000085000000, 0x00000000c4f80000, 0x00000000d7000000)
  object space 1048064K, 92% used [0x0000000085000000,0x00000000c0781670,0x00000000c4f80000)
 Metaspace       used 5515K, capacity 5722K, committed 5888K, reserved 1056768K
  class space    used 603K, capacity 681K, committed 768K, reserved 1048576K
}
Event: 44,423 GC heap before
{Heap before GC invocations=86 (full 6):
 PSYoungGen      total 544256K, used 510208K [0x00000000d7000000, 0x00000000fff00000, 0x0000000100000000)
  eden space 427008K, 100% used [0x00000000d7000000,0x00000000f1100000,0x00000000f1100000)
  from space 117248K, 70% used [0x00000000f1100000,0x00000000f6240000,0x00000000f8380000)
  to   space 113664K, 0% used [0x00000000f9000000,0x00000000f9000000,0x00000000fff00000)
 ParOldGen       total 1048064K, used 974341K [0x0000000085000000, 0x00000000c4f80000, 0x00000000d7000000)
  object space 1048064K, 92% used [0x0000000085000000,0x00000000c0781670,0x00000000c4f80000)
 Metaspace       used 5515K, capacity 5722K, committed 5888K, reserved 1056768K
  class space    used 603K, capacity 681K, committed 768K, reserved 1048576K
Event: 44,533 GC heap after
Heap after GC invocations=86 (full 6):
 PSYoungGen      total 546816K, used 82848K [0x00000000d7000000, 0x00000000ff780000, 0x0000000100000000)
  eden space 440832K, 0% used [0x00000000d7000000,0x00000000d7000000,0x00000000f1e80000)
  from space 105984K, 78% used [0x00000000f9000000,0x00000000fe0e8000,0x00000000ff780000)
  to   space 111104K, 0% used [0x00000000f1e80000,0x00000000f1e80000,0x00000000f8b00000)
 ParOldGen       total 1048064K, used 974341K [0x0000000085000000, 0x00000000c4f80000, 0x00000000d7000000)
  object space 1048064K, 92% used [0x0000000085000000,0x00000000c0781670,0x00000000c4f80000)
 Metaspace       used 5515K, capacity 5722K, committed 5888K, reserved 1056768K
  class space    used 603K, capacity 681K, committed 768K, reserved 1048576K
}
Event: 45,059 GC heap before
{Heap before GC invocations=87 (full 6):
 PSYoungGen      total 546816K, used 523680K [0x00000000d7000000, 0x00000000ff780000, 0x0000000100000000)
  eden space 440832K, 100% used [0x00000000d7000000,0x00000000f1e80000,0x00000000f1e80000)
  from space 105984K, 78% used [0x00000000f9000000,0x00000000fe0e8000,0x00000000ff780000)
  to   space 111104K, 0% used [0x00000000f1e80000,0x00000000f1e80000,0x00000000f8b00000)
 ParOldGen       total 1048064K, used 974341K [0x0000000085000000, 0x00000000c4f80000, 0x00000000d7000000)
  object space 1048064K, 92% used [0x0000000085000000,0x00000000c0781670,0x00000000c4f80000)
 Metaspace       used 5515K, capacity 5722K, committed 5888K, reserved 1056768K
  class space    used 603K, capacity 681K, committed 768K, reserved 1048576K
Event: 45,133 GC heap after
Heap after GC invocations=87 (full 6):
 PSYoungGen      total 551936K, used 82528K [0x00000000d7000000, 0x0000000100000000, 0x0000000100000000)
  eden space 440832K, 0% used [0x00000000d7000000,0x00000000d7000000,0x00000000f1e80000)
  from space 111104K, 74% used [0x00000000f1e80000,0x00000000f6f18000,0x00000000f8b00000)
  to   space 108544K, 0% used [0x00000000f9600000,0x00000000f9600000,0x0000000100000000)
 ParOldGen       total 1048064K, used 974341K [0x0000000085000000, 0x00000000c4f80000, 0x00000000d7000000)
  object space 1048064K, 92% used [0x0000000085000000,0x00000000c0781670,0x00000000c4f80000)
 Metaspace       used 5515K, capacity 5722K, committed 5888K, reserved 1056768K
  class space    used 603K, capacity 681K, committed 768K, reserved 1048576K
}
Event: 45,646 GC heap before
{Heap before GC invocations=88 (full 6):
 PSYoungGen      total 551936K, used 523360K [0x00000000d7000000, 0x0000000100000000, 0x0000000100000000)
  eden space 440832K, 100% used [0x00000000d7000000,0x00000000f1e80000,0x00000000f1e80000)
  from space 111104K, 74% used [0x00000000f1e80000,0x00000000f6f18000,0x00000000f8b00000)
  to   space 108544K, 0% used [0x00000000f9600000,0x00000000f9600000,0x0000000100000000)
 ParOldGen       total 1048064K, used 974341K [0x0000000085000000, 0x00000000c4f80000, 0x00000000d7000000)
  object space 1048064K, 92% used [0x0000000085000000,0x00000000c0781670,0x00000000c4f80000)
 Metaspace       used 5515K, capacity 5722K, committed 5888K, reserved 1056768K
  class space    used 603K, capacity 681K, committed 768K, reserved 1048576K
Event: 45,858 GC heap after
Heap after GC invocations=88 (full 6):
 PSYoungGen      total 539648K, used 128K [0x00000000d7000000, 0x0000000100000000, 0x0000000100000000)
  eden space 431104K, 0% used [0x00000000d7000000,0x00000000d7000000,0x00000000f1500000)
  from space 108544K, 0% used [0x00000000f9600000,0x00000000f9620000,0x0000000100000000)
  to   space 120320K, 0% used [0x00000000f1500000,0x00000000f1500000,0x00000000f8a80000)
 ParOldGen       total 1057280K, used 1056677K [0x0000000085000000, 0x00000000c5880000, 0x00000000d7000000)
  object space 1057280K, 99% used [0x0000000085000000,0x00000000c57e9670,0x00000000c5880000)
 Metaspace       used 5515K, capacity 5722K, committed 5888K, reserved 1056768K
  class space    used 603K, capacity 681K, committed 768K, reserved 1048576K
}
Event: 45,864 GC heap before
{Heap before GC invocations=89 (full 7):
 PSYoungGen      total 539648K, used 128K [0x00000000d7000000, 0x0000000100000000, 0x0000000100000000)
  eden space 431104K, 0% used [0x00000000d7000000,0x00000000d7000000,0x00000000f1500000)
  from space 108544K, 0% used [0x00000000f9600000,0x00000000f9620000,0x0000000100000000)
  to   space 120320K, 0% used [0x00000000f1500000,0x00000000f1500000,0x00000000f8a80000)
 ParOldGen       total 1057280K, used 1056677K [0x0000000085000000, 0x00000000c5880000, 0x00000000d7000000)
  object space 1057280K, 99% used [0x0000000085000000,0x00000000c57e9670,0x00000000c5880000)
 Metaspace       used 5515K, capacity 5722K, committed 5888K, reserved 1056768K
  class space    used 603K, capacity 681K, committed 768K, reserved 1048576K

Deoptimization events (10 events):
Event: 7,820 Thread 0x00007f006800d000 Uncommon trap: reason=unstable_if action=reinterpret pc=0x00007f0059206fd0 method=java.util.LinkedList.toArray()[Ljava/lang/Object; @ 16
Event: 7,857 Thread 0x00007f006800d000 Uncommon trap: reason=unstable_if action=reinterpret pc=0x00007f005922022c method=java.util.LinkedList.addAll(ILjava/util/Collection;)Z @ 72
Event: 7,857 Thread 0x00007f006800d000 Uncommon trap: reason=unstable_if action=reinterpret pc=0x00007f00591a1578 method=java.util.LinkedList.linkLast(Ljava/lang/Object;)V @ 22
Event: 7,857 Thread 0x00007f006800d000 Uncommon trap: reason=unstable_if action=reinterpret pc=0x00007f00591a8de4 method=java.util.LinkedList.linkLast(Ljava/lang/Object;)V @ 22
Event: 7,858 Thread 0x00007f006800d000 Uncommon trap: reason=unstable_if action=reinterpret pc=0x00007f00591c27cc method=java.util.Scanner.integerPattern()Ljava/util/regex/Pattern; @ 4
Event: 7,858 Thread 0x00007f006800d000 Uncommon trap: reason=unstable_if action=reinterpret pc=0x00007f005919ac34 method=java.util.regex.Matcher.match(II)Z @ 91
Event: 19,713 Thread 0x00007f006800d000 Uncommon trap: reason=unstable_if action=reinterpret pc=0x00007f0059249b50 method=java.util.Scanner.getCompleteTokenInBuffer(Ljava/util/regex/Pattern;)Ljava/lang/String; @ 67
Event: 19,713 Thread 0x00007f006800d000 Uncommon trap: reason=unstable_if action=reinterpret pc=0x00007f00591bead4 method=java.util.Scanner.hasNext(Ljava/util/regex/Pattern;)Z @ 52
Event: 36,514 Thread 0x00007f006800d000 Uncommon trap: reason=unstable_if action=reinterpret pc=0x00007f00591b1dd0 method=java.lang.String.substring(I)Ljava/lang/String; @ 35
Event: 36,597 Thread 0x00007f006800d000 Uncommon trap: reason=unstable_if action=reinterpret pc=0x00007f00591b4cdc method=java.lang.CharacterDataLatin1.digit(II)I @ 82

Classes redefined (0 events):
No events

Internal exceptions (10 events):
Event: 0,188 Thread 0x00007f006800d000 Exception <a 'java/security/PrivilegedActionException'> (0x00000000d72f13e0) thrown at [/build/openjdk-8-OqY7zN/openjdk-8-8u222-b10/src/hotspot/src/share/vm/prims/jvm.cpp, line 1502]
Event: 0,189 Thread 0x00007f006800d000 Exception <a 'java/security/PrivilegedActionException'> (0x00000000d72f3650) thrown at [/build/openjdk-8-OqY7zN/openjdk-8-8u222-b10/src/hotspot/src/share/vm/prims/jvm.cpp, line 1502]
Event: 0,189 Thread 0x00007f006800d000 Exception <a 'java/security/PrivilegedActionException'> (0x00000000d72f3a48) thrown at [/build/openjdk-8-OqY7zN/openjdk-8-8u222-b10/src/hotspot/src/share/vm/prims/jvm.cpp, line 1502]
Event: 0,189 Thread 0x00007f006800d000 Exception <a 'java/security/PrivilegedActionException'> (0x00000000d72f4708) thrown at [/build/openjdk-8-OqY7zN/openjdk-8-8u222-b10/src/hotspot/src/share/vm/prims/jvm.cpp, line 1502]
Event: 0,189 Thread 0x00007f006800d000 Exception <a 'java/security/PrivilegedActionException'> (0x00000000d72f4b00) thrown at [/build/openjdk-8-OqY7zN/openjdk-8-8u222-b10/src/hotspot/src/share/vm/prims/jvm.cpp, line 1502]
Event: 7,820 Thread 0x00007f006800d000 Implicit null exception at 0x00007f0059206f76 to 0x00007f0059206fb9
Event: 7,857 Thread 0x00007f006800d000 Implicit null exception at 0x00007f00591a151e to 0x00007f00591a155e
Event: 7,857 Thread 0x00007f006800d000 Implicit null exception at 0x00007f00591a8d91 to 0x00007f00591a8dca
Event: 36,575 Thread 0x00007f006800d000 Exception <a 'java/lang/NoSuchFieldError': method resolution failed> (0x00000000eca1dcb8) thrown at [/build/openjdk-8-OqY7zN/openjdk-8-8u222-b10/src/hotspot/src/share/vm/prims/methodHandles.cpp, line 1167]
Event: 36,577 Thread 0x00007f006800d000 Exception <a 'java/lang/NoSuchFieldError': method resolution failed> (0x00000000eca2bb00) thrown at [/build/openjdk-8-OqY7zN/openjdk-8-8u222-b10/src/hotspot/src/share/vm/prims/methodHandles.cpp, line 1167]

Events (10 events):
Event: 42,618 Executing VM operation: ParallelGCFailedAllocation done
Event: 43,129 Executing VM operation: ParallelGCFailedAllocation
Event: 43,248 Executing VM operation: ParallelGCFailedAllocation done
Event: 43,751 Executing VM operation: ParallelGCFailedAllocation
Event: 43,885 Executing VM operation: ParallelGCFailedAllocation done
Event: 44,423 Executing VM operation: ParallelGCFailedAllocation
Event: 44,533 Executing VM operation: ParallelGCFailedAllocation done
Event: 45,059 Executing VM operation: ParallelGCFailedAllocation
Event: 45,133 Executing VM operation: ParallelGCFailedAllocation done
Event: 45,646 Executing VM operation: ParallelGCFailedAllocation


Dynamic libraries:
85000000-c5880000 rw-p 00000000 00:00 0 
d0780000-d7000000 ---p 00000000 00:00 0 
d7000000-100000000 rw-p 00000000 00:00 0 
100000000-1000c0000 rw-p 00000000 00:00 0 
1000c0000-140000000 ---p 00000000 00:00 0 
55ec546be000-55ec546bf000 r-xp 00000000 08:06 1056070                    /usr/lib/jvm/java-8-openjdk-amd64/jre/bin/java
55ec548be000-55ec548bf000 r--p 00000000 08:06 1056070                    /usr/lib/jvm/java-8-openjdk-amd64/jre/bin/java
55ec548bf000-55ec548c0000 rw-p 00001000 08:06 1056070                    /usr/lib/jvm/java-8-openjdk-amd64/jre/bin/java
55ec5570f000-55ec55730000 rw-p 00000000 00:00 0                          [heap]
7f000c000000-7f000c021000 rw-p 00000000 00:00 0 
7f000c021000-7f0010000000 ---p 00000000 00:00 0 
7f0014000000-7f0014021000 rw-p 00000000 00:00 0 
7f0014021000-7f0018000000 ---p 00000000 00:00 0 
7f0018000000-7f0018021000 rw-p 00000000 00:00 0 
7f0018021000-7f001c000000 ---p 00000000 00:00 0 
7f001c000000-7f001cdd6000 rw-p 00000000 00:00 0 
7f001cdd6000-7f0020000000 ---p 00000000 00:00 0 
7f0020000000-7f00202cf000 rw-p 00000000 00:00 0 
7f00202cf000-7f0024000000 ---p 00000000 00:00 0 
7f0024000000-7f0024024000 rw-p 00000000 00:00 0 
7f0024024000-7f0028000000 ---p 00000000 00:00 0 
7f0028000000-7f0028d4f000 rw-p 00000000 00:00 0 
7f0028d4f000-7f002c000000 ---p 00000000 00:00 0 
7f002c000000-7f002c021000 rw-p 00000000 00:00 0 
7f002c021000-7f0030000000 ---p 00000000 00:00 0 
7f0030000000-7f0030021000 rw-p 00000000 00:00 0 
7f0030021000-7f0034000000 ---p 00000000 00:00 0 
7f0034000000-7f0034021000 rw-p 00000000 00:00 0 
7f0034021000-7f0038000000 ---p 00000000 00:00 0 
7f0038000000-7f0038021000 rw-p 00000000 00:00 0 
7f0038021000-7f003c000000 ---p 00000000 00:00 0 
7f003c000000-7f003c021000 rw-p 00000000 00:00 0 
7f003c021000-7f0040000000 ---p 00000000 00:00 0 
7f0040fff000-7f0044000000 rw-p 00000000 00:00 0 
7f0044000000-7f0044021000 rw-p 00000000 00:00 0 
7f0044021000-7f0048000000 ---p 00000000 00:00 0 
7f0049618000-7f004961b000 ---p 00000000 00:00 0 
7f004961b000-7f0049719000 rw-p 00000000 00:00 0 
7f0049719000-7f004972a000 r-xp 00000000 08:06 1056213                    /usr/lib/jvm/java-8-openjdk-amd64/jre/lib/amd64/libnio.so
7f004972a000-7f0049929000 ---p 00011000 08:06 1056213                    /usr/lib/jvm/java-8-openjdk-amd64/jre/lib/amd64/libnio.so
7f0049929000-7f004992a000 r--p 00010000 08:06 1056213                    /usr/lib/jvm/java-8-openjdk-amd64/jre/lib/amd64/libnio.so
7f004992a000-7f004992b000 rw-p 00011000 08:06 1056213                    /usr/lib/jvm/java-8-openjdk-amd64/jre/lib/amd64/libnio.so
7f004992b000-7f004992c000 ---p 00000000 00:00 0 
7f004992c000-7f0049a2c000 rw-p 00000000 00:00 0 
7f0049a2c000-7f0049a2f000 ---p 00000000 00:00 0 
7f0049a2f000-7f0049b2d000 rw-p 00000000 00:00 0 
7f0049b2d000-7f0049b2e000 ---p 00000000 00:00 0 
7f0049b2e000-7f0049b31000 ---p 00000000 00:00 0 
7f0049b31000-7f0049c2e000 rw-p 00000000 00:00 0 
7f0049c2e000-7f0049c2f000 ---p 00000000 00:00 0 
7f0049c2f000-7f0049c32000 ---p 00000000 00:00 0 
7f0049c32000-7f0049d2f000 rw-p 00000000 00:00 0 
7f0049d2f000-7f0049d45000 r-xp 00000000 08:06 1056212                    /usr/lib/jvm/java-8-openjdk-amd64/jre/lib/amd64/libnet.so
7f0049d45000-7f0049f44000 ---p 00016000 08:06 1056212                    /usr/lib/jvm/java-8-openjdk-amd64/jre/lib/amd64/libnet.so
7f0049f44000-7f0049f45000 r--p 00015000 08:06 1056212                    /usr/lib/jvm/java-8-openjdk-amd64/jre/lib/amd64/libnet.so
7f0049f45000-7f0049f46000 rw-p 00016000 08:06 1056212                    /usr/lib/jvm/java-8-openjdk-amd64/jre/lib/amd64/libnet.so
7f0049f46000-7f0049f47000 ---p 00000000 00:00 0 
7f0049f47000-7f0049f4a000 ---p 00000000 00:00 0 
7f0049f4a000-7f004a047000 rw-p 00000000 00:00 0 
7f004a047000-7f004a04a000 ---p 00000000 00:00 0 
7f004a04a000-7f004a148000 rw-p 00000000 00:00 0 
7f004a148000-7f004a14b000 ---p 00000000 00:00 0 
7f004a14b000-7f004a249000 rw-p 00000000 00:00 0 
7f004a249000-7f004ac18000 r--p 00000000 08:06 1054786                    /usr/lib/locale/locale-archive
7f004ac18000-7f004ac1b000 ---p 00000000 00:00 0 
7f004ac1b000-7f004ad19000 rw-p 00000000 00:00 0 
7f004ad19000-7f004ad1c000 ---p 00000000 00:00 0 
7f004ad1c000-7f004ae1a000 rw-p 00000000 00:00 0 
7f004ae1a000-7f004ae1b000 ---p 00000000 00:00 0 
7f004ae1b000-7f004c000000 rw-p 00000000 00:00 0 
7f004c000000-7f004c021000 rw-p 00000000 00:00 0 
7f004c021000-7f0050000000 ---p 00000000 00:00 0 
7f005007e000-7f0054000000 rw-p 00000000 00:00 0 
7f0054000000-7f0054021000 rw-p 00000000 00:00 0 
7f0054021000-7f0058000000 ---p 00000000 00:00 0 
7f005809d000-7f005826d000 r--s 03c5c000 08:06 1059721                    /usr/lib/jvm/java-8-openjdk-amd64/jre/lib/rt.jar
7f005826d000-7f005876d000 rw-p 00000000 00:00 0 
7f005876d000-7f0058a6d000 ---p 00000000 00:00 0 
7f0058a6d000-7f0058a6e000 ---p 00000000 00:00 0 
7f0058a6e000-7f0058b6e000 rw-p 00000000 00:00 0 
7f0058b6e000-7f0058b6f000 ---p 00000000 00:00 0 
7f0058b6f000-7f0058c6f000 rw-p 00000000 00:00 0 
7f0058c6f000-7f0058c70000 ---p 00000000 00:00 0 
7f0058c70000-7f0058f75000 rw-p 00000000 00:00 0 
7f0058f75000-7f0059000000 ---p 00000000 00:00 0 
7f0059000000-7f00593a0000 rwxp 00000000 00:00 0 
7f00593a0000-7f0068000000 ---p 00000000 00:00 0 
7f0068000000-7f006834e000 rw-p 00000000 00:00 0 
7f006834e000-7f006c000000 ---p 00000000 00:00 0 
7f006c035000-7f006c048000 r--s 00346000 08:06 1059720                    /usr/lib/jvm/java-8-openjdk-amd64/jre/lib/resources.jar
7f006c048000-7f006c04d000 r--s 000a3000 08:06 1059712                    /usr/lib/jvm/java-8-openjdk-amd64/jre/lib/jsse.jar
7f006c04d000-7f006c052000 r--s 002f9000 08:06 1056223                    /usr/lib/jvm/java-8-openjdk-amd64/jre/lib/charsets.jar
7f006c052000-7f006c06d000 r--s 001d6000 08:06 1056270                    /usr/lib/jvm/java-8-openjdk-amd64/jre/lib/ext/nashorn.jar
7f006c06d000-7f006c088000 r--s 00394000 08:06 1056265                    /usr/lib/jvm/java-8-openjdk-amd64/jre/lib/ext/cldrdata.jar
7f006c088000-7f006c0fe000 rw-p 00000000 00:00 0 
7f006c0fe000-7f006c0ff000 ---p 00000000 00:00 0 
7f006c0ff000-7f006c404000 rw-p 00000000 00:00 0 
7f006c404000-7f006c48f000 ---p 00000000 00:00 0 
7f006c48f000-7f006c5d7000 rw-p 00000000 00:00 0 
7f006c5d7000-7f006c5e7000 rw-p 00000000 00:00 0 
7f006c5e7000-7f006c998000 ---p 00000000 00:00 0 
7f006c998000-7f006c9a0000 r-xp 00000000 08:06 1056220                    /usr/lib/jvm/java-8-openjdk-amd64/jre/lib/amd64/libzip.so
7f006c9a0000-7f006cb9f000 ---p 00008000 08:06 1056220                    /usr/lib/jvm/java-8-openjdk-amd64/jre/lib/amd64/libzip.so
7f006cb9f000-7f006cba0000 r--p 00007000 08:06 1056220                    /usr/lib/jvm/java-8-openjdk-amd64/jre/lib/amd64/libzip.so
7f006cba0000-7f006cba1000 rw-p 00008000 08:06 1056220                    /usr/lib/jvm/java-8-openjdk-amd64/jre/lib/amd64/libzip.so
7f006cba1000-7f006cbac000 r-xp 00000000 08:06 661033                     /lib/x86_64-linux-gnu/libnss_files-2.27.so
7f006cbac000-7f006cdab000 ---p 0000b000 08:06 661033                     /lib/x86_64-linux-gnu/libnss_files-2.27.so
7f006cdab000-7f006cdac000 r--p 0000a000 08:06 661033                     /lib/x86_64-linux-gnu/libnss_files-2.27.so
7f006cdac000-7f006cdad000 rw-p 0000b000 08:06 661033                     /lib/x86_64-linux-gnu/libnss_files-2.27.so
7f006cdad000-7f006cdb3000 rw-p 00000000 00:00 0 
7f006cdb3000-7f006cdca000 r-xp 00000000 08:06 661027                     /lib/x86_64-linux-gnu/libnsl-2.27.so
7f006cdca000-7f006cfc9000 ---p 00017000 08:06 661027                     /lib/x86_64-linux-gnu/libnsl-2.27.so
7f006cfc9000-7f006cfca000 r--p 00016000 08:06 661027                     /lib/x86_64-linux-gnu/libnsl-2.27.so
7f006cfca000-7f006cfcb000 rw-p 00017000 08:06 661027                     /lib/x86_64-linux-gnu/libnsl-2.27.so
7f006cfcb000-7f006cfcd000 rw-p 00000000 00:00 0 
7f006cfcd000-7f006cfd8000 r-xp 00000000 08:06 661044                     /lib/x86_64-linux-gnu/libnss_nis-2.27.so
7f006cfd8000-7f006d1d7000 ---p 0000b000 08:06 661044                     /lib/x86_64-linux-gnu/libnss_nis-2.27.so
7f006d1d7000-7f006d1d8000 r--p 0000a000 08:06 661044                     /lib/x86_64-linux-gnu/libnss_nis-2.27.so
7f006d1d8000-7f006d1d9000 rw-p 0000b000 08:06 661044                     /lib/x86_64-linux-gnu/libnss_nis-2.27.so
7f006d1d9000-7f006d1e1000 r-xp 00000000 08:06 661029                     /lib/x86_64-linux-gnu/libnss_compat-2.27.so
7f006d1e1000-7f006d3e1000 ---p 00008000 08:06 661029                     /lib/x86_64-linux-gnu/libnss_compat-2.27.so
7f006d3e1000-7f006d3e2000 r--p 00008000 08:06 661029                     /lib/x86_64-linux-gnu/libnss_compat-2.27.so
7f006d3e2000-7f006d3e3000 rw-p 00009000 08:06 661029                     /lib/x86_64-linux-gnu/libnss_compat-2.27.so
7f006d3e3000-7f006d3ed000 r-xp 00000000 08:06 1056196                    /usr/lib/jvm/java-8-openjdk-amd64/jre/lib/amd64/libinstrument.so
7f006d3ed000-7f006d5ec000 ---p 0000a000 08:06 1056196                    /usr/lib/jvm/java-8-openjdk-amd64/jre/lib/amd64/libinstrument.so
7f006d5ec000-7f006d5ed000 r--p 00009000 08:06 1056196                    /usr/lib/jvm/java-8-openjdk-amd64/jre/lib/amd64/libinstrument.so
7f006d5ed000-7f006d5ee000 rw-p 0000a000 08:06 1056196                    /usr/lib/jvm/java-8-openjdk-amd64/jre/lib/amd64/libinstrument.so
7f006d5ee000-7f006d618000 r-xp 00000000 08:06 1056201                    /usr/lib/jvm/java-8-openjdk-amd64/jre/lib/amd64/libjava.so
7f006d618000-7f006d817000 ---p 0002a000 08:06 1056201                    /usr/lib/jvm/java-8-openjdk-amd64/jre/lib/amd64/libjava.so
7f006d817000-7f006d818000 r--p 00029000 08:06 1056201                    /usr/lib/jvm/java-8-openjdk-amd64/jre/lib/amd64/libjava.so
7f006d818000-7f006d81a000 rw-p 0002a000 08:06 1056201                    /usr/lib/jvm/java-8-openjdk-amd64/jre/lib/amd64/libjava.so
7f006d81a000-7f006d82a000 r-xp 00000000 08:06 1056219                    /usr/lib/jvm/java-8-openjdk-amd64/jre/lib/amd64/libverify.so
7f006d82a000-7f006da29000 ---p 00010000 08:06 1056219                    /usr/lib/jvm/java-8-openjdk-amd64/jre/lib/amd64/libverify.so
7f006da29000-7f006da2b000 r--p 0000f000 08:06 1056219                    /usr/lib/jvm/java-8-openjdk-amd64/jre/lib/amd64/libverify.so
7f006da2b000-7f006da2c000 rw-p 00011000 08:06 1056219                    /usr/lib/jvm/java-8-openjdk-amd64/jre/lib/amd64/libverify.so
7f006da2c000-7f006da33000 r-xp 00000000 08:06 661084                     /lib/x86_64-linux-gnu/librt-2.27.so
7f006da33000-7f006dc32000 ---p 00007000 08:06 661084                     /lib/x86_64-linux-gnu/librt-2.27.so
7f006dc32000-7f006dc33000 r--p 00006000 08:06 661084                     /lib/x86_64-linux-gnu/librt-2.27.so
7f006dc33000-7f006dc34000 rw-p 00007000 08:06 661084                     /lib/x86_64-linux-gnu/librt-2.27.so
7f006dc34000-7f006dc4b000 r-xp 00000000 08:06 656935                     /lib/x86_64-linux-gnu/libgcc_s.so.1
7f006dc4b000-7f006de4a000 ---p 00017000 08:06 656935                     /lib/x86_64-linux-gnu/libgcc_s.so.1
7f006de4a000-7f006de4b000 r--p 00016000 08:06 656935                     /lib/x86_64-linux-gnu/libgcc_s.so.1
7f006de4b000-7f006de4c000 rw-p 00017000 08:06 656935                     /lib/x86_64-linux-gnu/libgcc_s.so.1
7f006de4c000-7f006dfe9000 r-xp 00000000 08:06 661006                     /lib/x86_64-linux-gnu/libm-2.27.so
7f006dfe9000-7f006e1e8000 ---p 0019d000 08:06 661006                     /lib/x86_64-linux-gnu/libm-2.27.so
7f006e1e8000-7f006e1e9000 r--p 0019c000 08:06 661006                     /lib/x86_64-linux-gnu/libm-2.27.so
7f006e1e9000-7f006e1ea000 rw-p 0019d000 08:06 661006                     /lib/x86_64-linux-gnu/libm-2.27.so
7f006e1ea000-7f006e363000 r-xp 00000000 08:06 1052876                    /usr/lib/x86_64-linux-gnu/libstdc++.so.6.0.25
7f006e363000-7f006e563000 ---p 00179000 08:06 1052876                    /usr/lib/x86_64-linux-gnu/libstdc++.so.6.0.25
7f006e563000-7f006e56d000 r--p 00179000 08:06 1052876                    /usr/lib/x86_64-linux-gnu/libstdc++.so.6.0.25
7f006e56d000-7f006e56f000 rw-p 00183000 08:06 1052876                    /usr/lib/x86_64-linux-gnu/libstdc++.so.6.0.25
7f006e56f000-7f006e573000 rw-p 00000000 00:00 0 
7f006e573000-7f006f212000 r-xp 00000000 08:06 1056222                    /usr/lib/jvm/java-8-openjdk-amd64/jre/lib/amd64/server/libjvm.so
7f006f212000-7f006f412000 ---p 00c9f000 08:06 1056222                    /usr/lib/jvm/java-8-openjdk-amd64/jre/lib/amd64/server/libjvm.so
7f006f412000-7f006f4a6000 r--p 00c9f000 08:06 1056222                    /usr/lib/jvm/java-8-openjdk-amd64/jre/lib/amd64/server/libjvm.so
7f006f4a6000-7f006f4cf000 rw-p 00d33000 08:06 1056222                    /usr/lib/jvm/java-8-openjdk-amd64/jre/lib/amd64/server/libjvm.so
7f006f4cf000-7f006f4ff000 rw-p 00000000 00:00 0 
7f006f4ff000-7f006f519000 r-xp 00000000 08:06 661076                     /lib/x86_64-linux-gnu/libpthread-2.27.so
7f006f519000-7f006f718000 ---p 0001a000 08:06 661076                     /lib/x86_64-linux-gnu/libpthread-2.27.so
7f006f718000-7f006f719000 r--p 00019000 08:06 661076                     /lib/x86_64-linux-gnu/libpthread-2.27.so
7f006f719000-7f006f71a000 rw-p 0001a000 08:06 661076                     /lib/x86_64-linux-gnu/libpthread-2.27.so
7f006f71a000-7f006f71e000 rw-p 00000000 00:00 0 
7f006f71e000-7f006f721000 r-xp 00000000 08:06 660966                     /lib/x86_64-linux-gnu/libdl-2.27.so
7f006f721000-7f006f920000 ---p 00003000 08:06 660966                     /lib/x86_64-linux-gnu/libdl-2.27.so
7f006f920000-7f006f921000 r--p 00002000 08:06 660966                     /lib/x86_64-linux-gnu/libdl-2.27.so
7f006f921000-7f006f922000 rw-p 00003000 08:06 660966                     /lib/x86_64-linux-gnu/libdl-2.27.so
7f006f922000-7f006f93e000 r-xp 00000000 08:06 661115                     /lib/x86_64-linux-gnu/libz.so.1.2.11
7f006f93e000-7f006fb3d000 ---p 0001c000 08:06 661115                     /lib/x86_64-linux-gnu/libz.so.1.2.11
7f006fb3d000-7f006fb3e000 r--p 0001b000 08:06 661115                     /lib/x86_64-linux-gnu/libz.so.1.2.11
7f006fb3e000-7f006fb3f000 rw-p 0001c000 08:06 661115                     /lib/x86_64-linux-gnu/libz.so.1.2.11
7f006fb3f000-7f006fd26000 r-xp 00000000 08:06 660943                     /lib/x86_64-linux-gnu/libc-2.27.so
7f006fd26000-7f006ff26000 ---p 001e7000 08:06 660943                     /lib/x86_64-linux-gnu/libc-2.27.so
7f006ff26000-7f006ff2a000 r--p 001e7000 08:06 660943                     /lib/x86_64-linux-gnu/libc-2.27.so
7f006ff2a000-7f006ff2c000 rw-p 001eb000 08:06 660943                     /lib/x86_64-linux-gnu/libc-2.27.so
7f006ff2c000-7f006ff30000 rw-p 00000000 00:00 0 
7f006ff30000-7f006ff3e000 r-xp 00000000 08:06 1056137                    /usr/lib/jvm/java-8-openjdk-amd64/jre/lib/amd64/jli/libjli.so
7f006ff3e000-7f007013d000 ---p 0000e000 08:06 1056137                    /usr/lib/jvm/java-8-openjdk-amd64/jre/lib/amd64/jli/libjli.so
7f007013d000-7f007013e000 r--p 0000d000 08:06 1056137                    /usr/lib/jvm/java-8-openjdk-amd64/jre/lib/amd64/jli/libjli.so
7f007013e000-7f007013f000 rw-p 0000e000 08:06 1056137                    /usr/lib/jvm/java-8-openjdk-amd64/jre/lib/amd64/jli/libjli.so
7f007013f000-7f0070166000 r-xp 00000000 08:06 660915                     /lib/x86_64-linux-gnu/ld-2.27.so
7f0070166000-7f0070168000 r--s 0001b000 08:06 543039                     /home/ahmed/.local/share/JetBrains/Toolbox/apps/IDEA-U/ch-0/192.6603.28/lib/idea_rt.jar
7f0070168000-7f0070169000 r--s 00000000 08:06 1059716                    /usr/lib/jvm/java-8-openjdk-amd64/jre/lib/management-agent.jar
7f0070169000-7f007016e000 r--s 0003c000 08:06 1056272                    /usr/lib/jvm/java-8-openjdk-amd64/jre/lib/ext/sunjce_provider.jar
7f007016e000-7f0070178000 r--s 00116000 08:06 1056269                    /usr/lib/jvm/java-8-openjdk-amd64/jre/lib/ext/localedata.jar
7f0070178000-7f0070248000 rw-p 00000000 00:00 0 
7f0070248000-7f0070249000 ---p 00000000 00:00 0 
7f0070249000-7f007024c000 ---p 00000000 00:00 0 
7f007024c000-7f007034b000 rw-p 00000000 00:00 0 
7f007034b000-7f007034d000 r--s 00016000 08:06 1056408                    /usr/lib/jvm/java-8-openjdk-amd64/jre/lib/jce.jar
7f007034d000-7f007034e000 r--s 00010000 08:06 1056274                    /usr/lib/jvm/java-8-openjdk-amd64/jre/lib/ext/zipfs.jar
7f007034e000-7f0070350000 r--s 00001000 08:06 1056266                    /usr/lib/jvm/java-8-openjdk-amd64/jre/lib/ext/dnsns.jar
7f0070350000-7f0070351000 r--s 0000d000 08:06 1056271                    /usr/lib/jvm/java-8-openjdk-amd64/jre/lib/ext/sunec.jar
7f0070351000-7f0070353000 r--s 00007000 08:06 1451336                    /usr/share/java/java-atk-wrapper.jar
7f0070353000-7f0070356000 r--s 0000f000 08:06 1056267                    /usr/lib/jvm/java-8-openjdk-amd64/jre/lib/ext/icedtea-sound.jar
7f0070356000-7f0070357000 r--s 0000a000 08:06 1056268                    /usr/lib/jvm/java-8-openjdk-amd64/jre/lib/ext/jaccess.jar
7f0070357000-7f007035a000 r--s 00039000 08:06 1056273                    /usr/lib/jvm/java-8-openjdk-amd64/jre/lib/ext/sunpkcs11.jar
7f007035a000-7f0070362000 rw-s 00000000 08:06 131099                     /tmp/hsperfdata_ahmed/8617
7f0070362000-7f0070363000 rw-p 00000000 00:00 0 
7f0070363000-7f0070364000 ---p 00000000 00:00 0 
7f0070364000-7f0070366000 rw-p 00000000 00:00 0 
7f0070366000-7f0070367000 r--p 00027000 08:06 660915                     /lib/x86_64-linux-gnu/ld-2.27.so
7f0070367000-7f0070368000 rw-p 00028000 08:06 660915                     /lib/x86_64-linux-gnu/ld-2.27.so
7f0070368000-7f0070369000 rw-p 00000000 00:00 0 
7fff83780000-7fff837a1000 rw-p 00000000 00:00 0                          [stack]
7fff837d8000-7fff837db000 r--p 00000000 00:00 0                          [vvar]
7fff837db000-7fff837dd000 r-xp 00000000 00:00 0                          [vdso]
ffffffffff600000-ffffffffff601000 r-xp 00000000 00:00 0                  [vsyscall]

VM Arguments:
jvm_args: -ea -javaagent:/home/ahmed/.local/share/JetBrains/Toolbox/apps/IDEA-U/ch-0/192.6603.28/lib/idea_rt.jar=39013:/home/ahmed/.local/share/JetBrains/Toolbox/apps/IDEA-U/ch-0/192.6603.28/bin -Dfile.encoding=UTF-8 
java_command: Main mesi blackscholes_four 1024 1 16
java_class_path (initial): /usr/lib/jvm/java-8-openjdk-amd64/jre/lib/charsets.jar:/usr/lib/jvm/java-8-openjdk-amd64/jre/lib/ext/cldrdata.jar:/usr/lib/jvm/java-8-openjdk-amd64/jre/lib/ext/dnsns.jar:/usr/lib/jvm/java-8-openjdk-amd64/jre/lib/ext/icedtea-sound.jar:/usr/lib/jvm/java-8-openjdk-amd64/jre/lib/ext/jaccess.jar:/usr/lib/jvm/java-8-openjdk-amd64/jre/lib/ext/java-atk-wrapper.jar:/usr/lib/jvm/java-8-openjdk-amd64/jre/lib/ext/localedata.jar:/usr/lib/jvm/java-8-openjdk-amd64/jre/lib/ext/nashorn.jar:/usr/lib/jvm/java-8-openjdk-amd64/jre/lib/ext/sunec.jar:/usr/lib/jvm/java-8-openjdk-amd64/jre/lib/ext/sunjce_provider.jar:/usr/lib/jvm/java-8-openjdk-amd64/jre/lib/ext/sunpkcs11.jar:/usr/lib/jvm/java-8-openjdk-amd64/jre/lib/ext/zipfs.jar:/usr/lib/jvm/java-8-openjdk-amd64/jre/lib/jce.jar:/usr/lib/jvm/java-8-openjdk-amd64/jre/lib/jsse.jar:/usr/lib/jvm/java-8-openjdk-amd64/jre/lib/management-agent.jar:/usr/lib/jvm/java-8-openjdk-amd64/jre/lib/resources.jar:/usr/lib/jvm/java-8-openjdk-amd64/jre/lib/rt.jar:/home/ahmed/cache-simulator/out/production/cache-simulator:/home/ahmed/.local/share/JetBrains/Toolbox/apps/IDEA-U/ch-0/192.6603.28/lib/idea_rt.jar
Launcher Type: SUN_STANDARD

Environment Variables:
PATH=/home/ahmed/.local/bin:/usr/local/sbin:/usr/local/bin:/usr/sbin:/usr/bin:/sbin:/bin:/usr/games:/usr/local/games:/snap/bin
USERNAME=ahmed
SHELL=/bin/bash
DISPLAY=:0

Signal Handlers:
SIGSEGV: [libjvm.so+0xab92f0], sa_mask[0]=11111111011111111101111111111110, sa_flags=SA_RESTART|SA_SIGINFO
SIGBUS: [libjvm.so+0xab92f0], sa_mask[0]=11111111011111111101111111111110, sa_flags=SA_RESTART|SA_SIGINFO
SIGFPE: [libjvm.so+0x8ee560], sa_mask[0]=11111111011111111101111111111110, sa_flags=SA_RESTART|SA_SIGINFO
SIGPIPE: [libjvm.so+0x8ee560], sa_mask[0]=11111111011111111101111111111110, sa_flags=SA_RESTART|SA_SIGINFO
SIGXFSZ: [libjvm.so+0x8ee560], sa_mask[0]=11111111011111111101111111111110, sa_flags=SA_RESTART|SA_SIGINFO
SIGILL: [libjvm.so+0x8ee560], sa_mask[0]=11111111011111111101111111111110, sa_flags=SA_RESTART|SA_SIGINFO
SIGUSR1: SIG_DFL, sa_mask[0]=00000000000000000000000000000000, sa_flags=none
SIGUSR2: [libjvm.so+0x8ee410], sa_mask[0]=00100000000000000000000000000000, sa_flags=SA_RESTART|SA_SIGINFO
SIGHUP: [libjvm.so+0x8eea80], sa_mask[0]=11111111011111111101111111111110, sa_flags=SA_RESTART|SA_SIGINFO
SIGINT: [libjvm.so+0x8eea80], sa_mask[0]=11111111011111111101111111111110, sa_flags=SA_RESTART|SA_SIGINFO
SIGTERM: [libjvm.so+0x8eea80], sa_mask[0]=11111111011111111101111111111110, sa_flags=SA_RESTART|SA_SIGINFO
SIGQUIT: [libjvm.so+0x8eea80], sa_mask[0]=11111111011111111101111111111110, sa_flags=SA_RESTART|SA_SIGINFO


---------------  S Y S T E M  ---------------

OS:DISTRIB_ID=Ubuntu
DISTRIB_RELEASE=18.04
DISTRIB_CODENAME=bionic
DISTRIB_DESCRIPTION="Ubuntu 18.04.3 LTS"

uname:Linux 4.15.0-69-generic #78-Ubuntu SMP Wed Nov 6 11:30:24 UTC 2019 x86_64
libc:glibc 2.27 NPTL 2.27 
rlimit: STACK 8192k, CORE 0k, NPROC 30944, NOFILE 1048576, AS infinity
load average:17,38 6,74 4,17

/proc/meminfo:
MemTotal:        8059536 kB
MemFree:          122408 kB
MemAvailable:      20416 kB
Buffers:             488 kB
Cached:           209544 kB
SwapCached:         2112 kB
Active:          6725696 kB
Inactive:         911608 kB
Active(anon):    6722096 kB
Inactive(anon):   904344 kB
Active(file):       3600 kB
Inactive(file):     7264 kB
Unevictable:          48 kB
Mlocked:              48 kB
SwapTotal:       1897064 kB
SwapFree:              0 kB
Dirty:                20 kB
Writeback:             0 kB
AnonPages:       7425672 kB
Mapped:           135184 kB
Shmem:            198844 kB
Slab:             150248 kB
SReclaimable:      56872 kB
SUnreclaim:        93376 kB
KernelStack:       13632 kB
PageTables:        62592 kB
NFS_Unstable:          0 kB
Bounce:                0 kB
WritebackTmp:          0 kB
CommitLimit:     5926832 kB
Committed_AS:   14786056 kB
VmallocTotal:   34359738367 kB
VmallocUsed:           0 kB
VmallocChunk:          0 kB
HardwareCorrupted:     0 kB
AnonHugePages:         0 kB
ShmemHugePages:        0 kB
ShmemPmdMapped:        0 kB
CmaTotal:              0 kB
CmaFree:               0 kB
HugePages_Total:       0
HugePages_Free:        0
HugePages_Rsvd:        0
HugePages_Surp:        0
Hugepagesize:       2048 kB
DirectMap4k:      224872 kB
DirectMap2M:     7008256 kB
DirectMap1G:     1048576 kB

container (cgroup) information:
container_type: cgroupv1
cpu_cpuset_cpus: 0-3
cpu_memory_nodes: 0
active_processor_count: 4
cpu_quota: -1
cpu_period: 100000
cpu_shares: -1
memory_limit_in_bytes: -1
memory_and_swap_limit_in_bytes: -2
memory_soft_limit_in_bytes: -1
memory_usage_in_bytes: 7773671424
memory_max_usage_in_bytes: 7786680320


CPU:total 4 (initial active 4) (2 cores per cpu, 2 threads per core) family 6 model 142 stepping 9, cmov, cx8, fxsr, mmx, sse, sse2, sse3, ssse3, sse4.1, sse4.2, popcnt, avx, avx2, aes, clmul, erms, 3dnowpref, lzcnt, ht, tsc, tscinvbit, bmi1, bmi2, adx

/proc/cpuinfo:
processor	: 0
vendor_id	: GenuineIntel
cpu family	: 6
model		: 142
model name	: Intel(R) Core(TM) i7-7500U CPU @ 2.70GHz
stepping	: 9
microcode	: 0xc6
cpu MHz		: 3500.005
cache size	: 4096 KB
physical id	: 0
siblings	: 4
core id		: 0
cpu cores	: 2
apicid		: 0
initial apicid	: 0
fpu		: yes
fpu_exception	: yes
cpuid level	: 22
wp		: yes
flags		: fpu vme de pse tsc msr pae mce cx8 apic sep mtrr pge mca cmov pat pse36 clflush dts acpi mmx fxsr sse sse2 ss ht tm pbe syscall nx pdpe1gb rdtscp lm constant_tsc art arch_perfmon pebs bts rep_good nopl xtopology nonstop_tsc cpuid aperfmperf tsc_known_freq pni pclmulqdq dtes64 monitor ds_cpl vmx est tm2 ssse3 sdbg fma cx16 xtpr pdcm pcid sse4_1 sse4_2 x2apic movbe popcnt tsc_deadline_timer aes xsave avx f16c rdrand lahf_lm abm 3dnowprefetch cpuid_fault epb invpcid_single pti ssbd ibrs ibpb stibp tpr_shadow vnmi flexpriority ept vpid fsgsbase tsc_adjust bmi1 avx2 smep bmi2 erms invpcid mpx rdseed adx smap clflushopt intel_pt xsaveopt xsavec xgetbv1 xsaves dtherm ida arat pln pts hwp hwp_notify hwp_act_window hwp_epp md_clear flush_l1d
bugs		: cpu_meltdown spectre_v1 spectre_v2 spec_store_bypass l1tf mds swapgs itlb_multihit
bogomips	: 5808.00
clflush size	: 64
cache_alignment	: 64
address sizes	: 39 bits physical, 48 bits virtual
power management:

processor	: 1
vendor_id	: GenuineIntel
cpu family	: 6
model		: 142
model name	: Intel(R) Core(TM) i7-7500U CPU @ 2.70GHz
stepping	: 9
microcode	: 0xc6
cpu MHz		: 3500.001
cache size	: 4096 KB
physical id	: 0
siblings	: 4
core id		: 1
cpu cores	: 2
apicid		: 2
initial apicid	: 2
fpu		: yes
fpu_exception	: yes
cpuid level	: 22
wp		: yes
flags		: fpu vme de pse tsc msr pae mce cx8 apic sep mtrr pge mca cmov pat pse36 clflush dts acpi mmx fxsr sse sse2 ss ht tm pbe syscall nx pdpe1gb rdtscp lm constant_tsc art arch_perfmon pebs bts rep_good nopl xtopology nonstop_tsc cpuid aperfmperf tsc_known_freq pni pclmulqdq dtes64 monitor ds_cpl vmx est tm2 ssse3 sdbg fma cx16 xtpr pdcm pcid sse4_1 sse4_2 x2apic movbe popcnt tsc_deadline_timer aes xsave avx f16c rdrand lahf_lm abm 3dnowprefetch cpuid_fault epb invpcid_single pti ssbd ibrs ibpb stibp tpr_shadow vnmi flexpriority ept vpid fsgsbase tsc_adjust bmi1 avx2 smep bmi2 erms invpcid mpx rdseed adx smap clflushopt intel_pt xsaveopt xsavec xgetbv1 xsaves dtherm ida arat pln pts hwp hwp_notify hwp_act_window hwp_epp md_clear flush_l1d
bugs		: cpu_meltdown spectre_v1 spectre_v2 spec_store_bypass l1tf mds swapgs itlb_multihit
bogomips	: 5808.00
clflush size	: 64
cache_alignment	: 64
address sizes	: 39 bits physical, 48 bits virtual
power management:

processor	: 2
vendor_id	: GenuineIntel
cpu family	: 6
model		: 142
model name	: Intel(R) Core(TM) i7-7500U CPU @ 2.70GHz
stepping	: 9
microcode	: 0xc6
cpu MHz		: 3500.015
cache size	: 4096 KB
physical id	: 0
siblings	: 4
core id		: 0
cpu cores	: 2
apicid		: 1
initial apicid	: 1
fpu		: yes
fpu_exception	: yes
cpuid level	: 22
wp		: yes
flags		: fpu vme de pse tsc msr pae mce cx8 apic sep mtrr pge mca cmov pat pse36 clflush dts acpi mmx fxsr sse sse2 ss ht tm pbe syscall nx pdpe1gb rdtscp lm constant_tsc art arch_perfmon pebs bts rep_good nopl xtopology nonstop_tsc cpuid aperfmperf tsc_known_freq pni pclmulqdq dtes64 monitor ds_cpl vmx est tm2 ssse3 sdbg fma cx16 xtpr pdcm pcid sse4_1 sse4_2 x2apic movbe popcnt tsc_deadline_timer aes xsave avx f16c rdrand lahf_lm abm 3dnowprefetch cpuid_fault epb invpcid_single pti ssbd ibrs ibpb stibp tpr_shadow vnmi flexpriority ept vpid fsgsbase tsc_adjust bmi1 avx2 smep bmi2 erms invpcid mpx rdseed adx smap clflushopt intel_pt xsaveopt xsavec xgetbv1 xsaves dtherm ida arat pln pts hwp hwp_notify hwp_act_window hwp_epp md_clear flush_l1d
bugs		: cpu_meltdown spectre_v1 spectre_v2 spec_store_bypass l1tf mds swapgs itlb_multihit
bogomips	: 5808.00
clflush size	: 64
cache_alignment	: 64
address sizes	: 39 bits physical, 48 bits virtual
power management:

processor	: 3
vendor_id	: GenuineIntel
cpu family	: 6
model		: 142
model name	: Intel(R) Core(TM) i7-7500U CPU @ 2.70GHz
stepping	: 9
microcode	: 0xc6
cpu MHz		: 3500.000
cache size	: 4096 KB
physical id	: 0
siblings	: 4
core id		: 1
cpu cores	: 2
apicid		: 3
initial apicid	: 3
fpu		: yes
fpu_exception	: yes
cpuid level	: 22
wp		: yes
flags		: fpu vme de pse tsc msr pae mce cx8 apic sep mtrr pge mca cmov pat pse36 clflush dts acpi mmx fxsr sse sse2 ss ht tm pbe syscall nx pdpe1gb rdtscp lm constant_tsc art arch_perfmon pebs bts rep_good nopl xtopology nonstop_tsc cpuid aperfmperf tsc_known_freq pni pclmulqdq dtes64 monitor ds_cpl vmx est tm2 ssse3 sdbg fma cx16 xtpr pdcm pcid sse4_1 sse4_2 x2apic movbe popcnt tsc_deadline_timer aes xsave avx f16c rdrand lahf_lm abm 3dnowprefetch cpuid_fault epb invpcid_single pti ssbd ibrs ibpb stibp tpr_shadow vnmi flexpriority ept vpid fsgsbase tsc_adjust bmi1 avx2 smep bmi2 erms invpcid mpx rdseed adx smap clflushopt intel_pt xsaveopt xsavec xgetbv1 xsaves dtherm ida arat pln pts hwp hwp_notify hwp_act_window hwp_epp md_clear flush_l1d
bugs		: cpu_meltdown spectre_v1 spectre_v2 spec_store_bypass l1tf mds swapgs itlb_multihit
bogomips	: 5808.00
clflush size	: 64
cache_alignment	: 64
address sizes	: 39 bits physical, 48 bits virtual
power management:



Memory: 4k page, physical 8059536k(111960k free), swap 1897064k(0k free)

vm_info: OpenJDK 64-Bit Server VM (25.222-b10) for linux-amd64 JRE (1.8.0_222-8u222-b10-1ubuntu1~18.04.1-b10), built on Jul 18 2019 18:52:48 by "buildd" with gcc 7.4.0

time: Thu Nov 21 22:23:38 2019
timezone: +08
elapsed time: 77 seconds (0d 0h 1m 17s)

